TN:
SF:src/components/common/CategoryPicker.tsx
FN:25,(anonymous_0)
FN:39,(anonymous_1)
FN:43,(anonymous_2)
FN:57,(anonymous_3)
FN:62,(anonymous_4)
FN:77,(anonymous_5)
FN:91,(anonymous_6)
FN:93,(anonymous_7)
FN:96,(anonymous_8)
FN:108,(anonymous_9)
FN:131,(anonymous_10)
FN:158,(anonymous_11)
FN:164,(anonymous_12)
FN:171,(anonymous_13)
FN:191,(anonymous_14)
FN:196,(anonymous_15)
FN:204,(anonymous_16)
FNF:17
FNH:0
FNDA:0,(anonymous_0)
FNDA:0,(anonymous_1)
FNDA:0,(anonymous_2)
FNDA:0,(anonymous_3)
FNDA:0,(anonymous_4)
FNDA:0,(anonymous_5)
FNDA:0,(anonymous_6)
FNDA:0,(anonymous_7)
FNDA:0,(anonymous_8)
FNDA:0,(anonymous_9)
FNDA:0,(anonymous_10)
FNDA:0,(anonymous_11)
FNDA:0,(anonymous_12)
FNDA:0,(anonymous_13)
FNDA:0,(anonymous_14)
FNDA:0,(anonymous_15)
FNDA:0,(anonymous_16)
DA:25,0
DA:32,0
DA:33,0
DA:34,0
DA:35,0
DA:36,0
DA:37,0
DA:39,0
DA:40,0
DA:43,0
DA:44,0
DA:45,0
DA:46,0
DA:47,0
DA:48,0
DA:51,0
DA:53,0
DA:57,0
DA:58,0
DA:59,0
DA:62,0
DA:63,0
DA:64,0
DA:65,0
DA:68,0
DA:69,0
DA:70,0
DA:76,0
DA:77,0
DA:78,0
DA:79,0
DA:80,0
DA:81,0
DA:82,0
DA:84,0
DA:87,0
DA:91,0
DA:93,0
DA:94,0
DA:96,0
DA:108,0
DA:113,0
DA:127,0
DA:131,0
DA:158,0
DA:164,0
DA:171,0
DA:192,0
DA:196,0
DA:205,0
DA:206,0
DA:207,0
DA:227,0
LF:53
LH:0
BRDA:29,0,0,0
BRDA:30,1,0,0
BRDA:47,2,0,0
BRDA:47,2,1,0
BRDA:47,3,0,0
BRDA:47,3,1,0
BRDA:63,4,0,0
BRDA:63,4,1,0
BRDA:69,5,0,0
BRDA:69,5,1,0
BRDA:76,6,0,0
BRDA:76,6,1,0
BRDA:76,7,0,0
BRDA:76,7,1,0
BRDA:84,8,0,0
BRDA:84,8,1,0
BRDA:102,9,0,0
BRDA:102,9,1,0
BRDA:117,10,0,0
BRDA:117,10,1,0
BRDA:121,11,0,0
BRDA:121,11,1,0
BRDA:130,12,0,0
BRDA:130,12,1,0
BRDA:131,13,0,0
BRDA:131,13,1,0
BRDA:135,14,0,0
BRDA:135,14,1,0
BRDA:147,15,0,0
BRDA:147,15,1,0
BRDA:162,16,0,0
BRDA:162,16,1,0
BRDA:177,17,0,0
BRDA:177,17,1,0
BRF:34
BRH:0
end_of_record
TN:
SF:src/components/investment/InvestmentItem.tsx
FN:21,(anonymous_0)
FN:37,(anonymous_1)
FNF:2
FNH:0
FNDA:0,(anonymous_0)
FNDA:0,(anonymous_1)
DA:21,0
DA:26,0
DA:27,0
DA:28,0
DA:29,0
DA:30,0
DA:31,0
DA:33,0
DA:34,0
DA:35,0
DA:37,0
DA:38,0
DA:40,0
DA:42,0
DA:44,0
DA:46,0
DA:48,0
DA:50,0
DA:54,0
DA:106,0
LF:20
LH:0
BRDA:26,0,0,0
BRDA:26,0,1,0
BRDA:30,1,0,0
BRDA:30,1,1,0
BRDA:33,2,0,0
BRDA:33,2,1,0
BRDA:34,3,0,0
BRDA:34,3,1,0
BRDA:38,4,0,0
BRDA:38,4,1,0
BRDA:38,4,2,0
BRDA:38,4,3,0
BRDA:38,4,4,0
BRDA:38,4,5,0
BRDA:72,5,0,0
BRDA:72,5,1,0
BRDA:74,6,0,0
BRDA:74,6,1,0
BRDA:78,7,0,0
BRDA:78,7,1,0
BRDA:84,8,0,0
BRDA:84,8,1,0
BRDA:86,9,0,0
BRDA:86,9,1,0
BRDA:90,10,0,0
BRDA:90,10,1,0
BRDA:95,11,0,0
BRDA:95,11,1,0
BRDA:97,12,0,0
BRDA:97,12,1,0
BRF:30
BRH:0
end_of_record
TN:
SF:src/components/investment/MarketIndices.tsx
FN:21,(anonymous_0)
FN:25,(anonymous_1)
FN:29,(anonymous_2)
FN:55,(anonymous_3)
FNF:4
FNH:0
FNDA:0,(anonymous_0)
FNDA:0,(anonymous_1)
FNDA:0,(anonymous_2)
FNDA:0,(anonymous_3)
DA:21,0
DA:22,0
DA:23,0
DA:25,0
DA:26,0
DA:29,0
DA:30,0
DA:31,0
DA:32,0
DA:34,0
DA:36,0
DA:40,0
DA:41,0
DA:48,0
DA:56,0
DA:57,0
DA:87,0
LF:17
LH:0
BRDA:40,0,0,0
BRDA:40,0,1,0
BRDA:63,1,0,0
BRDA:63,1,1,0
BRDA:65,2,0,0
BRDA:65,2,1,0
BRDA:69,3,0,0
BRDA:69,3,1,0
BRDA:75,4,0,0
BRDA:75,4,1,0
BRDA:77,5,0,0
BRDA:77,5,1,0
BRF:12
BRH:0
end_of_record
TN:
SF:src/components/investment/PortfolioOverview.tsx
FN:21,(anonymous_0)
FNF:1
FNH:0
FNDA:0,(anonymous_0)
DA:21,0
DA:29,0
DA:30,0
DA:32,0
DA:97,0
LF:5
LH:0
BRDA:44,0,0,0
BRDA:44,0,1,0
BRDA:46,1,0,0
BRDA:46,1,1,0
BRDA:50,2,0,0
BRDA:50,2,1,0
BRDA:56,3,0,0
BRDA:56,3,1,0
BRDA:58,4,0,0
BRDA:58,4,1,0
BRDA:69,5,0,0
BRDA:69,5,1,0
BRDA:71,6,0,0
BRDA:71,6,1,0
BRDA:75,7,0,0
BRDA:75,7,1,0
BRDA:81,8,0,0
BRDA:81,8,1,0
BRDA:83,9,0,0
BRDA:83,9,1,0
BRF:20
BRH:0
end_of_record
TN:
SF:src/components/receipt/CameraScreen.tsx
FN:28,(anonymous_0)
FN:40,(anonymous_1)
FN:47,(anonymous_2)
FN:56,(anonymous_3)
FN:63,(anonymous_4)
FN:80,(anonymous_5)
FN:129,(anonymous_6)
FN:137,(anonymous_7)
FN:144,(anonymous_8)
FN:248,(anonymous_9)
FN:250,(anonymous_10)
FN:278,(anonymous_11)
FNF:12
FNH:0
FNDA:0,(anonymous_0)
FNDA:0,(anonymous_1)
FNDA:0,(anonymous_2)
FNDA:0,(anonymous_3)
FNDA:0,(anonymous_4)
FNDA:0,(anonymous_5)
FNDA:0,(anonymous_6)
FNDA:0,(anonymous_7)
FNDA:0,(anonymous_8)
FNDA:0,(anonymous_9)
FNDA:0,(anonymous_10)
FNDA:0,(anonymous_11)
DA:26,0
DA:28,0
DA:29,0
DA:30,0
DA:31,0
DA:32,0
DA:34,0
DA:35,0
DA:36,0
DA:37,0
DA:38,0
DA:40,0
DA:41,0
DA:42,0
DA:44,0
DA:47,0
DA:48,0
DA:49,0
DA:50,0
DA:51,0
DA:63,0
DA:64,0
DA:80,0
DA:81,0
DA:83,0
DA:84,0
DA:87,0
DA:100,0
DA:107,0
DA:108,0
DA:109,0
DA:112,0
DA:118,0
DA:119,0
DA:125,0
DA:129,0
DA:130,0
DA:131,0
DA:133,0
DA:137,0
DA:138,0
DA:139,0
DA:140,0
DA:141,0
DA:144,0
DA:145,0
DA:147,0
DA:149,0
DA:151,0
DA:153,0
DA:158,0
DA:159,0
DA:167,0
DA:168,0
DA:182,0
DA:250,0
DA:251,0
DA:252,0
DA:279,0
DA:295,0
LF:60
LH:0
BRDA:41,0,0,0
BRDA:41,0,1,0
BRDA:48,1,0,0
BRDA:48,1,1,0
BRDA:50,2,0,0
BRDA:50,2,1,0
BRDA:81,3,0,0
BRDA:81,3,1,0
BRDA:81,4,0,0
BRDA:81,4,1,0
BRDA:107,5,0,0
BRDA:107,5,1,0
BRDA:108,6,0,0
BRDA:108,6,1,0
BRDA:130,7,0,0
BRDA:130,7,1,0
BRDA:145,8,0,0
BRDA:145,8,1,0
BRDA:145,8,2,0
BRDA:145,8,3,0
BRDA:158,9,0,0
BRDA:158,9,1,0
BRDA:167,10,0,0
BRDA:167,10,1,0
BRDA:251,11,0,0
BRDA:251,11,1,0
BRDA:251,12,0,0
BRDA:251,12,1,0
BRDA:267,13,0,0
BRDA:267,13,1,0
BRF:30
BRH:0
end_of_record
TN:
SF:src/components/receipt/ReceiptCaptureButton.tsx
FN:26,(anonymous_0)
FN:52,(anonymous_1)
FN:66,(anonymous_2)
FN:111,(anonymous_3)
FN:144,(anonymous_4)
FN:149,(anonymous_5)
FN:175,(anonymous_6)
FNF:7
FNH:0
FNDA:0,(anonymous_0)
FNDA:0,(anonymous_1)
FNDA:0,(anonymous_2)
FNDA:0,(anonymous_3)
FNDA:0,(anonymous_4)
FNDA:0,(anonymous_5)
FNDA:0,(anonymous_6)
DA:26,0
DA:32,0
DA:33,0
DA:34,0
DA:35,0
DA:37,0
DA:43,0
DA:49,0
DA:50,0
DA:52,0
DA:54,0
DA:59,0
DA:60,0
DA:62,0
DA:66,0
DA:67,0
DA:68,0
DA:69,0
DA:72,0
DA:73,0
DA:74,0
DA:79,0
DA:83,0
DA:89,0
DA:90,0
DA:91,0
DA:94,0
DA:100,0
DA:101,0
DA:107,0
DA:111,0
DA:112,0
DA:113,0
DA:114,0
DA:116,0
DA:122,0
DA:123,0
DA:124,0
DA:127,0
DA:133,0
DA:134,0
DA:140,0
DA:144,0
DA:145,0
DA:149,0
DA:175,0
DA:184,0
DA:217,0
LF:48
LH:0
BRDA:29,0,0,0
BRDA:30,1,0,0
BRDA:59,2,0,0
BRDA:59,2,1,0
BRDA:73,3,0,0
BRDA:73,3,1,0
BRDA:89,4,0,0
BRDA:89,4,1,0
BRDA:90,5,0,0
BRDA:90,5,1,0
BRDA:122,6,0,0
BRDA:122,6,1,0
BRDA:123,7,0,0
BRDA:123,7,1,0
BRDA:200,8,0,0
BRDA:200,8,1,0
BRF:16
BRH:0
end_of_record
TN:
SF:src/components/receipt/ReceiptExtractedDataPreview.tsx
FN:25,(anonymous_0)
FN:90,(anonymous_1)
FNF:2
FNH:0
FNDA:0,(anonymous_0)
FNDA:0,(anonymous_1)
DA:25,0
DA:33,0
DA:39,0
DA:91,0
DA:117,0
LF:5
LH:0
BRDA:33,0,0,0
BRDA:33,0,1,0
BRDA:35,1,0,0
BRDA:35,1,1,0
BRDA:70,2,0,0
BRDA:70,2,1,0
BRDA:76,3,0,0
BRDA:76,3,1,0
BRDA:83,4,0,0
BRDA:83,4,1,0
BRDA:87,5,0,0
BRDA:87,5,1,0
BRDA:87,5,2,0
BRDA:96,6,0,0
BRDA:96,6,1,0
BRDA:105,7,0,0
BRDA:105,7,1,0
BRF:17
BRH:0
end_of_record
TN:
SF:src/components/receipt/ReceiptPreview.tsx
FN:31,(anonymous_0)
FN:42,(anonymous_1)
FN:46,(anonymous_2)
FN:54,(anonymous_3)
FN:61,(anonymous_4)
FN:112,(anonymous_5)
FN:120,(anonymous_6)
FN:128,(anonymous_7)
FN:177,(anonymous_8)
FNF:9
FNH:0
FNDA:0,(anonymous_0)
FNDA:0,(anonymous_1)
FNDA:0,(anonymous_2)
FNDA:0,(anonymous_3)
FNDA:0,(anonymous_4)
FNDA:0,(anonymous_5)
FNDA:0,(anonymous_6)
FNDA:0,(anonymous_7)
FNDA:0,(anonymous_8)
DA:29,0
DA:31,0
DA:37,0
DA:38,0
DA:39,0
DA:40,0
DA:42,0
DA:44,0
DA:47,0
DA:48,0
DA:49,0
DA:55,0
DA:56,0
DA:61,0
DA:62,0
DA:63,0
DA:66,0
DA:67,0
DA:68,0
DA:72,0
DA:74,0
DA:87,0
DA:88,0
DA:89,0
DA:92,0
DA:93,0
DA:96,0
DA:101,0
DA:102,0
DA:108,0
DA:112,0
DA:113,0
DA:114,0
DA:116,0
DA:120,0
DA:121,0
DA:122,0
DA:124,0
DA:128,0
DA:130,0
DA:137,0
DA:138,0
DA:152,0
DA:177,0
DA:240,0
LF:45
LH:0
BRDA:67,0,0,0
BRDA:67,0,1,0
BRDA:68,1,0,0
BRDA:68,1,1,0
BRDA:78,2,0,0
BRDA:78,2,1,0
BRDA:79,3,0,0
BRDA:79,3,1,0
BRDA:80,4,0,0
BRDA:80,4,1,0
BRDA:81,5,0,0
BRDA:81,5,1,0
BRDA:82,6,0,0
BRDA:82,6,1,0
BRDA:83,7,0,0
BRDA:83,7,1,0
BRDA:88,8,0,0
BRDA:88,8,1,0
BRDA:89,9,0,0
BRDA:89,9,1,0
BRDA:92,10,0,0
BRDA:92,10,1,0
BRDA:113,11,0,0
BRDA:113,11,1,0
BRDA:121,12,0,0
BRDA:121,12,1,0
BRDA:137,13,0,0
BRDA:137,13,1,0
BRDA:174,14,0,0
BRDA:174,14,1,0
BRDA:219,15,0,0
BRDA:219,15,1,0
BRDA:223,16,0,0
BRDA:223,16,1,0
BRF:34
BRH:0
end_of_record
TN:
SF:src/components/template/Collapsible.tsx
FN:10,Collapsible
FN:21,(anonymous_1)
FN:21,(anonymous_2)
FNF:3
FNH:0
FNDA:0,Collapsible
FNDA:0,(anonymous_1)
FNDA:0,(anonymous_2)
DA:14,0
DA:15,0
DA:17,0
DA:21,0
DA:39,0
LF:5
LH:0
BRDA:15,0,0,0
BRDA:15,0,1,0
BRDA:28,1,0,0
BRDA:28,1,1,0
BRDA:29,2,0,0
BRDA:29,2,1,0
BRDA:34,3,0,0
BRDA:34,3,1,0
BRF:8
BRH:0
end_of_record
TN:
SF:src/components/template/ExternalLink.tsx
FN:8,ExternalLink
FN:14,(anonymous_1)
FNF:2
FNH:0
FNDA:0,ExternalLink
FNDA:0,(anonymous_1)
DA:9,0
DA:15,0
DA:17,0
DA:19,0
LF:4
LH:0
BRDA:15,0,0,0
BRDA:15,0,1,0
BRF:2
BRH:0
end_of_record
TN:
SF:src/components/template/HapticTab.tsx
FN:5,HapticTab
FN:9,(anonymous_1)
FNF:2
FNH:0
FNDA:0,HapticTab
FNDA:0,(anonymous_1)
DA:6,0
DA:10,0
DA:12,0
DA:14,0
LF:4
LH:0
BRDA:10,0,0,0
BRDA:10,0,1,0
BRF:2
BRH:0
end_of_record
TN:
SF:src/components/template/HelloWave.tsx
FN:13,HelloWave
FN:16,(anonymous_1)
FN:26,(anonymous_2)
FNF:3
FNH:0
FNDA:0,HelloWave
FNDA:0,(anonymous_1)
FNDA:0,(anonymous_2)
DA:14,0
DA:16,0
DA:17,0
DA:26,0
DA:30,0
DA:37,0
LF:6
LH:0
BRF:0
BRH:0
end_of_record
TN:
SF:src/components/template/ParallaxScrollView.tsx
FN:21,ParallaxScrollView
FN:30,(anonymous_1)
FNF:2
FNH:0
FNDA:0,ParallaxScrollView
FNDA:0,(anonymous_1)
DA:14,0
DA:26,0
DA:27,0
DA:28,0
DA:29,0
DA:30,0
DA:31,0
DA:51,0
DA:74,0
LF:9
LH:0
BRDA:26,0,0,0
BRDA:26,0,1,0
BRF:2
BRH:0
end_of_record
TN:
SF:src/components/template/ThemedText.tsx
FN:13,ThemedText
FN:21,(anonymous_1)
FNF:2
FNH:0
FNDA:0,ThemedText
FNDA:0,(anonymous_1)
DA:21,0
DA:22,0
DA:24,0
DA:26,0
DA:28,0
DA:30,0
DA:33,0
DA:38,0
DA:41,0
DA:43,0
LF:10
LH:0
BRDA:16,0,0,0
BRDA:22,1,0,0
BRDA:22,1,1,0
BRDA:22,1,2,0
BRDA:22,1,3,0
BRDA:22,1,4,0
BRDA:22,1,5,0
BRDA:41,2,0,0
BRDA:41,2,1,0
BRDA:46,3,0,0
BRDA:46,3,1,0
BRDA:49,4,0,0
BRDA:49,4,1,0
BRDA:49,5,0,0
BRDA:49,5,1,0
BRDA:49,6,0,0
BRDA:49,6,1,0
BRDA:51,7,0,0
BRDA:51,7,1,0
BRF:19
BRH:0
end_of_record
TN:
SF:src/components/template/ThemedView.tsx
FN:11,ThemedView
FNF:1
FNH:0
FNDA:0,ThemedView
DA:17,0
DA:20,0
DA:26,0
DA:30,0
LF:4
LH:0
BRDA:26,0,0,0
BRDA:26,0,1,0
BRDA:26,1,0,0
BRDA:26,1,1,0
BRF:4
BRH:0
end_of_record
TN:
SF:src/components/template/ui/IconSymbol.ios.tsx
FN:4,IconSymbol
FNF:1
FNH:0
FNDA:0,IconSymbol
DA:17,0
LF:1
LH:0
BRDA:6,0,0,0
BRDA:9,1,0,0
BRF:2
BRH:0
end_of_record
TN:
SF:src/components/template/ui/IconSymbol.tsx
FN:28,IconSymbol
FNF:1
FNH:0
FNDA:0,IconSymbol
DA:16,0
DA:40,0
LF:2
LH:0
BRDA:30,0,0,0
BRF:1
BRH:0
end_of_record
TN:
SF:src/components/template/ui/TabBarBackground.ios.tsx
FN:5,BlurTabBarBackground
FN:17,useBottomTabOverflow
FNF:2
FNH:0
FNDA:0,BlurTabBarBackground
FNDA:0,useBottomTabOverflow
DA:6,0
DA:18,0
LF:2
LH:0
BRF:0
BRH:0
end_of_record
TN:
SF:src/components/template/ui/TabBarBackground.tsx
FN:4,useBottomTabOverflow
FNF:1
FNH:0
FNDA:0,useBottomTabOverflow
DA:5,0
LF:1
LH:0
BRF:0
BRH:0
end_of_record
TN:
SF:src/components/transaction/CategoryBreakdown.tsx
FN:37,(anonymous_0)
FN:49,(anonymous_1)
FN:60,(anonymous_2)
FN:71,(anonymous_3)
FN:166,(anonymous_4)
FN:179,(anonymous_5)
FN:235,(anonymous_6)
FN:274,(anonymous_7)
FN:282,(anonymous_8)
FN:295,(anonymous_9)
FN:297,(anonymous_10)
FNF:11
FNH:0
FNDA:0,(anonymous_0)
FNDA:0,(anonymous_1)
FNDA:0,(anonymous_2)
FNDA:0,(anonymous_3)
FNDA:0,(anonymous_4)
FNDA:0,(anonymous_5)
FNDA:0,(anonymous_6)
FNDA:0,(anonymous_7)
FNDA:0,(anonymous_8)
FNDA:0,(anonymous_9)
FNDA:0,(anonymous_10)
DA:37,0
DA:44,0
DA:45,0
DA:49,0
DA:50,0
DA:52,0
DA:54,0
DA:56,0
DA:60,0
DA:61,0
DA:63,0
DA:65,0
DA:67,0
DA:71,0
DA:72,0
DA:163,0
DA:164,0
DA:166,0
DA:176,0
DA:179,0
DA:192,0
DA:193,0
DA:201,0
DA:202,0
DA:214,0
DA:218,0
DA:220,0
DA:236,0
DA:274,0
DA:275,0
DA:284,0
DA:295,0
DA:296,0
DA:297,0
DA:307,0
LF:35
LH:0
BRDA:44,0,0,0
BRDA:44,0,1,0
BRDA:45,1,0,0
BRDA:45,1,1,0
BRDA:50,2,0,0
BRDA:50,2,1,0
BRDA:50,2,2,0
BRDA:61,3,0,0
BRDA:61,3,1,0
BRDA:61,3,2,0
BRDA:85,4,0,0
BRDA:85,4,1,0
BRDA:87,5,0,0
BRDA:87,5,1,0
BRDA:113,6,0,0
BRDA:113,6,1,0
BRDA:113,6,2,0
BRDA:122,7,0,0
BRDA:122,7,1,0
BRDA:128,8,0,0
BRDA:128,8,1,0
BRDA:138,9,0,0
BRDA:138,9,1,0
BRDA:139,10,0,0
BRDA:139,10,1,0
BRDA:151,11,0,0
BRDA:151,11,1,0
BRDA:163,12,0,0
BRDA:163,12,1,0
BRDA:181,13,0,0
BRDA:182,14,0,0
BRDA:184,15,0,0
BRDA:185,16,0,0
BRDA:187,17,0,0
BRDA:189,18,0,0
BRDA:192,19,0,0
BRDA:192,19,1,0
BRDA:201,20,0,0
BRDA:201,20,1,0
BRDA:214,21,0,0
BRDA:214,21,1,0
BRDA:218,22,0,0
BRDA:218,22,1,0
BRDA:222,23,0,0
BRDA:222,23,1,0
BRDA:246,24,0,0
BRDA:246,24,1,0
BRDA:246,24,2,0
BRDA:246,24,3,0
BRF:49
BRH:0
end_of_record
TN:
SF:src/components/transaction/IntelligentCategoryPicker.tsx
FN:46,(anonymous_0)
FN:66,(anonymous_1)
FN:72,(anonymous_2)
FN:87,(anonymous_3)
FN:94,(anonymous_4)
FN:95,(anonymous_5)
FN:110,(anonymous_6)
FN:112,(anonymous_7)
FN:125,(anonymous_8)
FN:154,(anonymous_9)
FN:172,(anonymous_10)
FN:181,(anonymous_11)
FN:198,(anonymous_12)
FN:199,(anonymous_13)
FN:213,(anonymous_14)
FN:227,(anonymous_15)
FN:228,(anonymous_16)
FN:247,(anonymous_17)
FN:251,(anonymous_18)
FN:253,(anonymous_19)
FN:256,(anonymous_20)
FN:259,(anonymous_21)
FN:270,(anonymous_22)
FN:285,(anonymous_23)
FN:298,(anonymous_24)
FN:300,(anonymous_25)
FN:306,(anonymous_26)
FN:336,(anonymous_27)
FN:346,(anonymous_28)
FN:360,(anonymous_29)
FN:402,(anonymous_30)
FN:413,(anonymous_31)
FN:429,(anonymous_32)
FN:438,(anonymous_33)
FN:439,(anonymous_34)
FN:442,(anonymous_35)
FN:470,(anonymous_36)
FN:478,(anonymous_37)
FN:490,(anonymous_38)
FN:516,getSmartCategoryMatches
FN:532,(anonymous_40)
FN:542,getTypicalAmountRange
FN:565,getTimeBasedSuggestions
FN:573,(anonymous_43)
FN:586,(anonymous_44)
FN:601,getPopularCategories
FN:607,(anonymous_46)
FN:608,(anonymous_47)
FN:612,getConfidenceColor
FN:619,getCategoryColors
FN:627,getRandomCategoryColor
FNF:51
FNH:0
FNDA:0,(anonymous_0)
FNDA:0,(anonymous_1)
FNDA:0,(anonymous_2)
FNDA:0,(anonymous_3)
FNDA:0,(anonymous_4)
FNDA:0,(anonymous_5)
FNDA:0,(anonymous_6)
FNDA:0,(anonymous_7)
FNDA:0,(anonymous_8)
FNDA:0,(anonymous_9)
FNDA:0,(anonymous_10)
FNDA:0,(anonymous_11)
FNDA:0,(anonymous_12)
FNDA:0,(anonymous_13)
FNDA:0,(anonymous_14)
FNDA:0,(anonymous_15)
FNDA:0,(anonymous_16)
FNDA:0,(anonymous_17)
FNDA:0,(anonymous_18)
FNDA:0,(anonymous_19)
FNDA:0,(anonymous_20)
FNDA:0,(anonymous_21)
FNDA:0,(anonymous_22)
FNDA:0,(anonymous_23)
FNDA:0,(anonymous_24)
FNDA:0,(anonymous_25)
FNDA:0,(anonymous_26)
FNDA:0,(anonymous_27)
FNDA:0,(anonymous_28)
FNDA:0,(anonymous_29)
FNDA:0,(anonymous_30)
FNDA:0,(anonymous_31)
FNDA:0,(anonymous_32)
FNDA:0,(anonymous_33)
FNDA:0,(anonymous_34)
FNDA:0,(anonymous_35)
FNDA:0,(anonymous_36)
FNDA:0,(anonymous_37)
FNDA:0,(anonymous_38)
FNDA:0,getSmartCategoryMatches
FNDA:0,(anonymous_40)
FNDA:0,getTypicalAmountRange
FNDA:0,getTimeBasedSuggestions
FNDA:0,(anonymous_43)
FNDA:0,(anonymous_44)
FNDA:0,getPopularCategories
FNDA:0,(anonymous_46)
FNDA:0,(anonymous_47)
FNDA:0,getConfidenceColor
FNDA:0,getCategoryColors
FNDA:0,getRandomCategoryColor
DA:46,0
DA:57,0
DA:58,0
DA:59,0
DA:60,0
DA:61,0
DA:62,0
DA:63,0
DA:64,0
DA:66,0
DA:67,0
DA:68,0
DA:72,0
DA:73,0
DA:74,0
DA:75,0
DA:76,0
DA:77,0
DA:80,0
DA:82,0
DA:87,0
DA:88,0
DA:90,0
DA:91,0
DA:94,0
DA:95,0
DA:96,0
DA:97,0
DA:103,0
DA:108,0
DA:109,0
DA:110,0
DA:112,0
DA:113,0
DA:115,0
DA:116,0
DA:117,0
DA:120,0
DA:121,0
DA:122,0
DA:125,0
DA:126,0
DA:127,0
DA:128,0
DA:134,0
DA:135,0
DA:136,0
DA:137,0
DA:140,0
DA:141,0
DA:147,0
DA:153,0
DA:154,0
DA:155,0
DA:157,0
DA:158,0
DA:159,0
DA:165,0
DA:171,0
DA:172,0
DA:173,0
DA:174,0
DA:175,0
DA:180,0
DA:181,0
DA:182,0
DA:183,0
DA:189,0
DA:194,0
DA:197,0
DA:198,0
DA:199,0
DA:202,0
DA:203,0
DA:212,0
DA:213,0
DA:216,0
DA:217,0
DA:226,0
DA:227,0
DA:228,0
DA:235,0
DA:236,0
DA:244,0
DA:247,0
DA:248,0
DA:250,0
DA:251,0
DA:254,0
DA:256,0
DA:259,0
DA:260,0
DA:261,0
DA:262,0
DA:265,0
DA:266,0
DA:270,0
DA:271,0
DA:272,0
DA:273,0
DA:276,0
DA:277,0
DA:278,0
DA:284,0
DA:285,0
DA:286,0
DA:287,0
DA:288,0
DA:289,0
DA:291,0
DA:294,0
DA:298,0
DA:300,0
DA:301,0
DA:303,0
DA:306,0
DA:336,0
DA:337,0
DA:346,0
DA:347,0
DA:348,0
DA:356,0
DA:360,0
DA:402,0
DA:413,0
DA:429,0
DA:438,0
DA:440,0
DA:443,0
DA:471,0
DA:478,0
DA:491,0
DA:492,0
DA:493,0
DA:517,0
DA:526,0
DA:527,0
DA:529,0
DA:530,0
DA:532,0
DA:533,0
DA:534,0
DA:535,0
DA:539,0
DA:543,0
DA:545,0
DA:546,0
DA:555,0
DA:556,0
DA:557,0
DA:562,0
DA:566,0
DA:567,0
DA:568,0
DA:570,0
DA:572,0
DA:573,0
DA:574,0
DA:575,0
DA:585,0
DA:586,0
DA:587,0
DA:588,0
DA:598,0
DA:603,0
DA:607,0
DA:608,0
DA:613,0
DA:614,0
DA:615,0
DA:616,0
DA:620,0
DA:628,0
DA:629,0
DA:632,0
LF:175
LH:0
BRDA:50,0,0,0
BRDA:51,1,0,0
BRDA:52,2,0,0
BRDA:53,3,0,0
BRDA:54,4,0,0
BRDA:55,5,0,0
BRDA:67,6,0,0
BRDA:67,6,1,0
BRDA:76,7,0,0
BRDA:76,7,1,0
BRDA:76,8,0,0
BRDA:76,8,1,0
BRDA:88,9,0,0
BRDA:88,9,1,0
BRDA:96,10,0,0
BRDA:96,10,1,0
BRDA:96,11,0,0
BRDA:96,11,1,0
BRDA:108,12,0,0
BRDA:108,12,1,0
BRDA:113,13,0,0
BRDA:113,13,1,0
BRDA:120,14,0,0
BRDA:120,14,1,0
BRDA:120,15,0,0
BRDA:120,15,1,0
BRDA:126,16,0,0
BRDA:126,16,1,0
BRDA:135,17,0,0
BRDA:135,17,1,0
BRDA:140,18,0,0
BRDA:140,18,1,0
BRDA:153,19,0,0
BRDA:153,19,1,0
BRDA:155,20,0,0
BRDA:155,20,1,0
BRDA:158,21,0,0
BRDA:158,21,1,0
BRDA:158,22,0,0
BRDA:158,22,1,0
BRDA:173,23,0,0
BRDA:173,23,1,0
BRDA:182,24,0,0
BRDA:182,24,1,0
BRDA:202,25,0,0
BRDA:202,25,1,0
BRDA:216,26,0,0
BRDA:216,26,1,0
BRDA:235,27,0,0
BRDA:235,27,1,0
BRDA:248,28,0,0
BRDA:248,28,1,0
BRDA:265,29,0,0
BRDA:265,29,1,0
BRDA:271,30,0,0
BRDA:271,30,1,0
BRDA:277,31,0,0
BRDA:277,31,1,0
BRDA:284,32,0,0
BRDA:284,32,1,0
BRDA:284,33,0,0
BRDA:284,33,1,0
BRDA:291,34,0,0
BRDA:291,34,1,0
BRDA:329,35,0,0
BRDA:329,35,1,0
BRDA:347,36,0,0
BRDA:347,36,1,0
BRDA:359,37,0,0
BRDA:359,37,1,0
BRDA:360,38,0,0
BRDA:360,38,1,0
BRDA:364,39,0,0
BRDA:364,39,1,0
BRDA:389,40,0,0
BRDA:389,40,1,0
BRDA:409,41,0,0
BRDA:409,41,1,0
BRDA:428,42,0,0
BRDA:428,42,1,0
BRDA:455,43,0,0
BRDA:455,43,1,0
BRDA:476,44,0,0
BRDA:476,44,1,0
BRDA:480,45,0,0
BRDA:480,45,1,0
BRDA:527,46,0,0
BRDA:527,46,1,0
BRDA:533,47,0,0
BRDA:533,47,1,0
BRDA:545,48,0,0
BRDA:545,48,1,0
BRDA:556,49,0,0
BRDA:556,49,1,0
BRDA:570,50,0,0
BRDA:570,50,1,0
BRDA:572,51,0,0
BRDA:572,51,1,0
BRDA:572,52,0,0
BRDA:572,52,1,0
BRDA:574,53,0,0
BRDA:574,53,1,0
BRDA:585,54,0,0
BRDA:585,54,1,0
BRDA:585,55,0,0
BRDA:585,55,1,0
BRDA:587,56,0,0
BRDA:587,56,1,0
BRDA:603,57,0,0
BRDA:603,57,1,0
BRDA:613,58,0,0
BRDA:613,58,1,0
BRDA:614,59,0,0
BRDA:614,59,1,0
BRDA:615,60,0,0
BRDA:615,60,1,0
BRF:116
BRH:0
end_of_record
TN:
SF:src/components/transaction/SmartAmountInput.tsx
FN:37,(anonymous_0)
FN:68,(anonymous_1)
FN:73,(anonymous_2)
FN:78,(anonymous_3)
FN:88,(anonymous_4)
FN:104,(anonymous_5)
FN:118,(anonymous_6)
FN:124,(anonymous_7)
FN:150,(anonymous_8)
FN:157,(anonymous_9)
FN:168,(anonymous_10)
FN:203,(anonymous_11)
FN:204,(anonymous_12)
FN:288,(anonymous_13)
FN:331,(anonymous_14)
FN:344,(anonymous_15)
FNF:16
FNH:0
FNDA:0,(anonymous_0)
FNDA:0,(anonymous_1)
FNDA:0,(anonymous_2)
FNDA:0,(anonymous_3)
FNDA:0,(anonymous_4)
FNDA:0,(anonymous_5)
FNDA:0,(anonymous_6)
FNDA:0,(anonymous_7)
FNDA:0,(anonymous_8)
FNDA:0,(anonymous_9)
FNDA:0,(anonymous_10)
FNDA:0,(anonymous_11)
FNDA:0,(anonymous_12)
FNDA:0,(anonymous_13)
FNDA:0,(anonymous_14)
FNDA:0,(anonymous_15)
DA:37,0
DA:51,0
DA:52,0
DA:53,0
DA:54,0
DA:57,0
DA:67,0
DA:68,0
DA:73,0
DA:79,0
DA:84,0
DA:85,0
DA:86,0
DA:88,0
DA:89,0
DA:90,0
DA:96,0
DA:104,0
DA:105,0
DA:107,0
DA:108,0
DA:110,0
DA:113,0
DA:114,0
DA:118,0
DA:119,0
DA:120,0
DA:121,0
DA:124,0
DA:125,0
DA:126,0
DA:129,0
DA:143,0
DA:144,0
DA:147,0
DA:150,0
DA:151,0
DA:152,0
DA:153,0
DA:154,0
DA:157,0
DA:158,0
DA:160,0
DA:162,0
DA:164,0
DA:168,0
DA:169,0
DA:171,0
DA:173,0
DA:175,0
DA:180,0
DA:181,0
DA:203,0
DA:204,0
DA:227,0
DA:288,0
DA:332,0
DA:344,0
DA:386,0
LF:59
LH:0
BRDA:42,0,0,0
BRDA:44,1,0,0
BRDA:45,2,0,0
BRDA:48,3,0,0
BRDA:49,4,0,0
BRDA:79,5,0,0
BRDA:79,5,1,0
BRDA:84,6,0,0
BRDA:84,6,1,0
BRDA:89,7,0,0
BRDA:89,7,1,0
BRDA:107,8,0,0
BRDA:107,8,1,0
BRDA:113,9,0,0
BRDA:113,9,1,0
BRDA:143,10,0,0
BRDA:143,10,1,0
BRDA:151,11,0,0
BRDA:151,11,1,0
BRDA:152,12,0,0
BRDA:152,12,1,0
BRDA:152,13,0,0
BRDA:152,13,1,0
BRDA:153,14,0,0
BRDA:153,14,1,0
BRDA:158,15,0,0
BRDA:158,15,1,0
BRDA:158,15,2,0
BRDA:169,16,0,0
BRDA:169,16,1,0
BRDA:169,16,2,0
BRDA:180,17,0,0
BRDA:180,17,1,0
BRDA:185,18,0,0
BRDA:185,18,1,0
BRDA:186,19,0,0
BRDA:186,19,1,0
BRDA:187,20,0,0
BRDA:187,20,1,0
BRDA:217,21,0,0
BRDA:217,21,1,0
BRDA:232,22,0,0
BRDA:232,22,1,0
BRDA:233,23,0,0
BRDA:233,23,1,0
BRDA:234,24,0,0
BRDA:234,24,1,0
BRDA:267,25,0,0
BRDA:267,25,1,0
BRDA:269,26,0,0
BRDA:269,26,1,0
BRDA:269,27,0,0
BRDA:269,27,1,0
BRDA:294,28,0,0
BRDA:294,28,1,0
BRDA:300,29,0,0
BRDA:300,29,1,0
BRDA:300,29,2,0
BRDA:300,29,3,0
BRDA:313,30,0,0
BRDA:313,30,1,0
BRDA:321,31,0,0
BRDA:321,31,1,0
BRDA:321,31,2,0
BRDA:341,32,0,0
BRDA:341,32,1,0
BRDA:356,33,0,0
BRDA:356,33,1,0
BRDA:361,34,0,0
BRDA:361,34,1,0
BRDA:372,35,0,0
BRDA:372,35,1,0
BRF:72
BRH:0
end_of_record
TN:
SF:src/components/transaction/SpendingCard.tsx
FN:40,(anonymous_0)
FN:61,(anonymous_1)
FN:66,(anonymous_2)
FN:71,(anonymous_3)
FN:178,(anonymous_4)
FN:198,(anonymous_5)
FN:218,(anonymous_6)
FN:236,(anonymous_7)
FNF:8
FNH:0
FNDA:0,(anonymous_0)
FNDA:0,(anonymous_1)
FNDA:0,(anonymous_2)
FNDA:0,(anonymous_3)
FNDA:0,(anonymous_4)
FNDA:0,(anonymous_5)
FNDA:0,(anonymous_6)
FNDA:0,(anonymous_7)
DA:40,0
DA:58,0
DA:59,0
DA:61,0
DA:62,0
DA:63,0
DA:66,0
DA:67,0
DA:68,0
DA:71,0
DA:72,0
DA:162,0
DA:163,0
DA:170,0
DA:178,0
DA:179,0
DA:198,0
DA:199,0
DA:218,0
DA:219,0
DA:236,0
DA:237,0
DA:248,0
LF:23
LH:0
BRDA:43,0,0,0
BRDA:45,1,0,0
BRDA:46,2,0,0
BRDA:47,3,0,0
BRDA:48,4,0,0
BRDA:50,5,0,0
BRDA:54,6,0,0
BRDA:58,7,0,0
BRDA:58,7,1,0
BRDA:59,8,0,0
BRDA:59,8,1,0
BRDA:62,9,0,0
BRDA:62,9,1,0
BRDA:63,10,0,0
BRDA:63,10,1,0
BRDA:67,11,0,0
BRDA:67,11,1,0
BRDA:68,12,0,0
BRDA:68,12,1,0
BRDA:78,13,0,0
BRDA:78,13,1,0
BRDA:86,14,0,0
BRDA:86,14,1,0
BRDA:94,15,0,0
BRDA:94,15,1,0
BRDA:94,15,2,0
BRDA:102,16,0,0
BRDA:102,16,1,0
BRDA:102,16,2,0
BRDA:109,17,0,0
BRDA:109,17,1,0
BRDA:114,18,0,0
BRDA:114,18,1,0
BRDA:133,19,0,0
BRDA:133,19,1,0
BRDA:133,19,2,0
BRDA:138,20,0,0
BRDA:138,20,1,0
BRDA:142,21,0,0
BRDA:142,21,1,0
BRDA:150,22,0,0
BRDA:150,22,1,0
BRDA:162,23,0,0
BRDA:162,23,1,0
BRDA:187,24,0,0
BRDA:187,24,1,0
BRDA:189,25,0,0
BRDA:189,25,1,0
BRDA:207,26,0,0
BRDA:207,26,1,0
BRDA:209,27,0,0
BRDA:209,27,1,0
BRDA:224,28,0,0
BRDA:224,28,1,0
BRDA:225,29,0,0
BRDA:225,29,1,0
BRDA:227,30,0,0
BRDA:227,30,1,0
BRF:58
BRH:0
end_of_record
TN:
SF:src/components/transaction/TimePeriodSelector.tsx
FN:53,(anonymous_0)
FN:63,(anonymous_1)
FN:65,(anonymous_2)
FN:67,(anonymous_3)
FN:82,(anonymous_4)
FN:112,(anonymous_5)
FN:114,(anonymous_6)
FN:125,(anonymous_7)
FN:155,(anonymous_8)
FN:157,(anonymous_9)
FN:167,(anonymous_10)
FN:213,(anonymous_11)
FN:226,(anonymous_12)
FN:239,(anonymous_13)
FN:254,(anonymous_14)
FN:268,(anonymous_15)
FNF:16
FNH:0
FNDA:0,(anonymous_0)
FNDA:0,(anonymous_1)
FNDA:0,(anonymous_2)
FNDA:0,(anonymous_3)
FNDA:0,(anonymous_4)
FNDA:0,(anonymous_5)
FNDA:0,(anonymous_6)
FNDA:0,(anonymous_7)
FNDA:0,(anonymous_8)
FNDA:0,(anonymous_9)
FNDA:0,(anonymous_10)
FNDA:0,(anonymous_11)
FNDA:0,(anonymous_12)
FNDA:0,(anonymous_13)
FNDA:0,(anonymous_14)
FNDA:0,(anonymous_15)
DA:32,0
DA:38,0
DA:44,0
DA:53,0
DA:63,0
DA:65,0
DA:66,0
DA:68,0
DA:69,0
DA:70,0
DA:72,0
DA:82,0
DA:112,0
DA:113,0
DA:115,0
DA:117,0
DA:125,0
DA:155,0
DA:156,0
DA:158,0
DA:160,0
DA:167,0
DA:198,0
DA:200,0
DA:202,0
DA:204,0
DA:213,0
DA:214,0
DA:226,0
DA:227,0
DA:239,0
DA:240,0
DA:254,0
DA:255,0
DA:268,0
DA:269,0
DA:279,0
LF:37
LH:0
BRDA:56,0,0,0
BRDA:58,1,0,0
BRDA:59,2,0,0
BRDA:60,3,0,0
BRDA:61,4,0,0
BRDA:77,5,0,0
BRDA:77,5,1,0
BRDA:78,6,0,0
BRDA:78,6,1,0
BRDA:79,7,0,0
BRDA:79,7,1,0
BRDA:80,8,0,0
BRDA:80,8,1,0
BRDA:82,9,0,0
BRDA:82,9,1,0
BRDA:88,10,0,0
BRDA:88,10,1,0
BRDA:88,10,2,0
BRDA:91,11,0,0
BRDA:91,11,1,0
BRDA:92,12,0,0
BRDA:92,12,1,0
BRDA:99,13,0,0
BRDA:99,13,1,0
BRDA:100,14,0,0
BRDA:100,14,1,0
BRDA:101,15,0,0
BRDA:101,15,1,0
BRDA:104,16,0,0
BRDA:104,16,1,0
BRDA:104,17,0,0
BRDA:104,17,1,0
BRDA:122,18,0,0
BRDA:122,18,1,0
BRDA:123,19,0,0
BRDA:123,19,1,0
BRDA:125,20,0,0
BRDA:125,20,1,0
BRDA:131,21,0,0
BRDA:131,21,1,0
BRDA:131,21,2,0
BRDA:134,22,0,0
BRDA:134,22,1,0
BRDA:135,23,0,0
BRDA:135,23,1,0
BRDA:142,24,0,0
BRDA:142,24,1,0
BRDA:143,25,0,0
BRDA:143,25,1,0
BRDA:144,26,0,0
BRDA:144,26,1,0
BRDA:147,27,0,0
BRDA:147,27,1,0
BRDA:147,28,0,0
BRDA:147,28,1,0
BRDA:165,29,0,0
BRDA:165,29,1,0
BRDA:167,30,0,0
BRDA:167,30,1,0
BRDA:173,31,0,0
BRDA:173,31,1,0
BRDA:173,31,2,0
BRDA:176,32,0,0
BRDA:176,32,1,0
BRDA:177,33,0,0
BRDA:177,33,1,0
BRDA:184,34,0,0
BRDA:184,34,1,0
BRDA:185,35,0,0
BRDA:185,35,1,0
BRDA:186,36,0,0
BRDA:186,36,1,0
BRDA:189,37,0,0
BRDA:189,37,1,0
BRDA:189,38,0,0
BRDA:189,38,1,0
BRDA:191,39,0,0
BRDA:191,39,1,0
BRDA:198,40,0,0
BRDA:198,40,1,0
BRDA:198,40,2,0
BRF:81
BRH:0
end_of_record
TN:
SF:src/components/transaction/TransactionForm.tsx
FN:52,(anonymous_0)
FN:64,(anonymous_1)
FN:79,(anonymous_2)
FN:93,(anonymous_3)
FN:94,(anonymous_4)
FN:99,(anonymous_5)
FN:107,(anonymous_6)
FN:140,(anonymous_7)
FN:170,(anonymous_8)
FN:185,(anonymous_9)
FN:193,(anonymous_10)
FN:230,(anonymous_11)
FN:253,(anonymous_12)
FN:284,(anonymous_13)
FN:306,(anonymous_14)
FN:322,(anonymous_15)
FN:340,(anonymous_16)
FN:345,(anonymous_17)
FN:347,(anonymous_18)
FN:379,(anonymous_19)
FN:393,(anonymous_20)
FN:411,(anonymous_21)
FNF:22
FNH:0
FNDA:0,(anonymous_0)
FNDA:0,(anonymous_1)
FNDA:0,(anonymous_2)
FNDA:0,(anonymous_3)
FNDA:0,(anonymous_4)
FNDA:0,(anonymous_5)
FNDA:0,(anonymous_6)
FNDA:0,(anonymous_7)
FNDA:0,(anonymous_8)
FNDA:0,(anonymous_9)
FNDA:0,(anonymous_10)
FNDA:0,(anonymous_11)
FNDA:0,(anonymous_12)
FNDA:0,(anonymous_13)
FNDA:0,(anonymous_14)
FNDA:0,(anonymous_15)
FNDA:0,(anonymous_16)
FNDA:0,(anonymous_17)
FNDA:0,(anonymous_18)
FNDA:0,(anonymous_19)
FNDA:0,(anonymous_20)
FNDA:0,(anonymous_21)
DA:52,0
DA:64,0
DA:74,0
DA:75,0
DA:76,0
DA:77,0
DA:79,0
DA:80,0
DA:81,0
DA:93,0
DA:94,0
DA:95,0
DA:98,0
DA:99,0
DA:100,0
DA:101,0
DA:104,0
DA:107,0
DA:108,0
DA:111,0
DA:112,0
DA:113,0
DA:114,0
DA:115,0
DA:116,0
DA:120,0
DA:121,0
DA:122,0
DA:123,0
DA:127,0
DA:128,0
DA:132,0
DA:133,0
DA:136,0
DA:137,0
DA:140,0
DA:141,0
DA:142,0
DA:145,0
DA:146,0
DA:147,0
DA:157,0
DA:158,0
DA:160,0
DA:163,0
DA:164,0
DA:166,0
DA:170,0
DA:171,0
DA:172,0
DA:181,0
DA:185,0
DA:186,0
DA:187,0
DA:188,0
DA:190,0
DA:193,0
DA:195,0
DA:230,0
DA:253,0
DA:284,0
DA:306,0
DA:322,0
DA:342,0
DA:345,0
DA:347,0
DA:379,0
DA:394,0
DA:395,0
DA:396,0
DA:411,0
DA:452,0
LF:72
LH:0
BRDA:56,0,0,0
BRDA:57,1,0,0
BRDA:58,2,0,0
BRDA:59,3,0,0
BRDA:60,4,0,0
BRDA:61,5,0,0
BRDA:65,6,0,0
BRDA:65,6,1,0
BRDA:66,7,0,0
BRDA:66,7,1,0
BRDA:67,8,0,0
BRDA:67,8,1,0
BRDA:68,9,0,0
BRDA:68,9,1,0
BRDA:69,10,0,0
BRDA:69,10,1,0
BRDA:70,11,0,0
BRDA:70,11,1,0
BRDA:70,11,2,0
BRDA:80,12,0,0
BRDA:80,12,1,0
BRDA:80,13,0,0
BRDA:80,13,1,0
BRDA:100,14,0,0
BRDA:100,14,1,0
BRDA:111,15,0,0
BRDA:111,15,1,0
BRDA:113,16,0,0
BRDA:113,16,1,0
BRDA:115,17,0,0
BRDA:115,17,1,0
BRDA:120,18,0,0
BRDA:120,18,1,0
BRDA:122,19,0,0
BRDA:122,19,1,0
BRDA:127,20,0,0
BRDA:127,20,1,0
BRDA:132,21,0,0
BRDA:132,21,1,0
BRDA:141,22,0,0
BRDA:141,22,1,0
BRDA:154,23,0,0
BRDA:154,23,1,0
BRDA:157,24,0,0
BRDA:157,24,1,0
BRDA:157,25,0,0
BRDA:157,25,1,0
BRDA:171,26,0,0
BRDA:171,26,1,0
BRDA:187,27,0,0
BRDA:187,27,1,0
BRDA:198,28,0,0
BRDA:198,28,1,0
BRDA:204,29,0,0
BRDA:204,29,1,0
BRDA:206,30,0,0
BRDA:206,30,1,0
BRDA:206,30,2,0
BRDA:214,31,0,0
BRDA:214,31,1,0
BRDA:228,32,0,0
BRDA:228,32,1,0
BRDA:231,33,0,0
BRDA:231,33,1,0
BRDA:236,34,0,0
BRDA:236,34,1,0
BRDA:241,35,0,0
BRDA:241,35,1,0
BRDA:251,36,0,0
BRDA:251,36,1,0
BRDA:254,37,0,0
BRDA:254,37,1,0
BRDA:259,38,0,0
BRDA:259,38,1,0
BRDA:264,39,0,0
BRDA:264,39,1,0
BRDA:277,40,0,0
BRDA:277,40,1,0
BRDA:281,41,0,0
BRDA:281,41,1,0
BRDA:288,42,0,0
BRDA:288,42,1,0
BRDA:292,43,0,0
BRDA:292,43,1,0
BRDA:303,44,0,0
BRDA:303,44,1,0
BRDA:309,45,0,0
BRDA:309,45,1,0
BRDA:312,46,0,0
BRDA:312,46,1,0
BRDA:324,47,0,0
BRDA:324,47,1,0
BRDA:326,48,0,0
BRDA:326,48,1,0
BRDA:332,49,0,0
BRDA:332,49,1,0
BRDA:338,50,0,0
BRDA:338,50,1,0
BRDA:351,51,0,0
BRDA:351,51,1,0
BRDA:354,52,0,0
BRDA:354,52,1,0
BRDA:362,53,0,0
BRDA:362,53,1,0
BRDA:368,54,0,0
BRDA:368,54,1,0
BRDA:380,55,0,0
BRDA:380,55,1,0
BRDA:388,56,0,0
BRDA:388,56,1,0
BRDA:395,57,0,0
BRDA:395,57,1,0
BRDA:404,58,0,0
BRDA:404,58,1,0
BRDA:412,59,0,0
BRDA:412,59,1,0
BRDA:426,60,0,0
BRDA:426,60,1,0
BRDA:434,61,0,0
BRDA:434,61,1,0
BRDA:434,61,2,0
BRDA:437,62,0,0
BRDA:437,62,1,0
BRDA:439,63,0,0
BRDA:439,63,1,0
BRDA:439,64,0,0
BRDA:439,64,1,0
BRDA:443,65,0,0
BRDA:443,65,1,0
BRF:129
BRH:0
end_of_record
TN:
SF:src/components/transaction/TransactionItem.tsx
FN:40,(anonymous_0)
FN:58,(anonymous_1)
FN:76,(anonymous_2)
FN:85,(anonymous_3)
FN:91,(anonymous_4)
FN:110,(anonymous_5)
FN:169,(anonymous_6)
FN:185,(anonymous_7)
FN:211,(anonymous_8)
FN:217,(anonymous_9)
FN:243,(anonymous_10)
FN:262,(anonymous_11)
FN:282,(anonymous_12)
FN:304,(anonymous_13)
FN:306,(anonymous_14)
FNF:15
FNH:0
FNDA:0,(anonymous_0)
FNDA:0,(anonymous_1)
FNDA:0,(anonymous_2)
FNDA:0,(anonymous_3)
FNDA:0,(anonymous_4)
FNDA:0,(anonymous_5)
FNDA:0,(anonymous_6)
FNDA:0,(anonymous_7)
FNDA:0,(anonymous_8)
FNDA:0,(anonymous_9)
FNDA:0,(anonymous_10)
FNDA:0,(anonymous_11)
FNDA:0,(anonymous_12)
FNDA:0,(anonymous_13)
FNDA:0,(anonymous_14)
DA:40,0
DA:47,0
DA:58,0
DA:73,0
DA:74,0
DA:76,0
DA:77,0
DA:85,0
DA:91,0
DA:92,0
DA:95,0
DA:96,0
DA:97,0
DA:98,0
DA:99,0
DA:100,0
DA:101,0
DA:102,0
DA:103,0
DA:104,0
DA:105,0
DA:107,0
DA:110,0
DA:111,0
DA:169,0
DA:185,0
DA:201,0
DA:202,0
DA:211,0
DA:217,0
DA:240,0
DA:241,0
DA:243,0
DA:253,0
DA:262,0
DA:263,0
DA:282,0
DA:283,0
DA:304,0
DA:306,0
DA:307,0
DA:309,0
DA:312,0
DA:328,0
LF:44
LH:0
BRDA:61,0,0,0
BRDA:62,1,0,0
BRDA:63,2,0,0
BRDA:64,3,0,0
BRDA:69,4,0,0
BRDA:70,5,0,0
BRDA:74,6,0,0
BRDA:74,6,1,0
BRDA:92,7,0,0
BRDA:92,7,1,0
BRDA:96,8,0,0
BRDA:96,8,1,0
BRDA:96,9,0,0
BRDA:96,9,1,0
BRDA:97,10,0,0
BRDA:97,10,1,0
BRDA:97,11,0,0
BRDA:97,11,1,0
BRDA:98,12,0,0
BRDA:98,12,1,0
BRDA:98,13,0,0
BRDA:98,13,1,0
BRDA:99,14,0,0
BRDA:99,14,1,0
BRDA:99,15,0,0
BRDA:99,15,1,0
BRDA:100,16,0,0
BRDA:100,16,1,0
BRDA:100,17,0,0
BRDA:100,17,1,0
BRDA:101,18,0,0
BRDA:101,18,1,0
BRDA:101,19,0,0
BRDA:101,19,1,0
BRDA:102,20,0,0
BRDA:102,20,1,0
BRDA:102,21,0,0
BRDA:102,21,1,0
BRDA:103,22,0,0
BRDA:103,22,1,0
BRDA:103,23,0,0
BRDA:103,23,1,0
BRDA:104,24,0,0
BRDA:104,24,1,0
BRDA:104,25,0,0
BRDA:104,25,1,0
BRDA:105,26,0,0
BRDA:105,26,1,0
BRDA:107,27,0,0
BRDA:107,27,1,0
BRDA:111,28,0,0
BRDA:111,28,1,0
BRDA:114,29,0,0
BRDA:114,29,1,0
BRDA:117,30,0,0
BRDA:117,30,1,0
BRDA:125,31,0,0
BRDA:125,31,1,0
BRDA:132,32,0,0
BRDA:132,32,1,0
BRDA:132,32,2,0
BRDA:133,33,0,0
BRDA:133,33,1,0
BRDA:138,34,0,0
BRDA:138,34,1,0
BRDA:139,35,0,0
BRDA:139,35,1,0
BRDA:144,36,0,0
BRDA:144,36,1,0
BRDA:145,37,0,0
BRDA:145,37,1,0
BRDA:159,38,0,0
BRDA:159,38,1,0
BRDA:166,39,0,0
BRDA:166,39,1,0
BRDA:182,40,0,0
BRDA:182,40,1,0
BRDA:201,41,0,0
BRDA:201,41,1,0
BRDA:201,42,0,0
BRDA:201,42,1,0
BRDA:201,42,2,0
BRDA:205,43,0,0
BRDA:205,43,1,0
BRDA:226,44,0,0
BRDA:226,44,1,0
BRDA:240,45,0,0
BRDA:240,45,1,0
BRDA:307,46,0,0
BRDA:307,46,1,0
BRF:90
BRH:0
end_of_record
TN:
SF:src/components/transaction/TransactionTemplates.tsx
FN:41,(anonymous_0)
FN:53,(anonymous_1)
FN:67,(anonymous_2)
FN:74,(anonymous_3)
FN:79,(anonymous_4)
FN:82,(anonymous_5)
FN:84,(anonymous_6)
FN:97,(anonymous_7)
FN:97,(anonymous_8)
FN:104,(anonymous_9)
FN:114,(anonymous_10)
FN:124,(anonymous_11)
FN:127,(anonymous_12)
FN:183,(anonymous_13)
FN:192,(anonymous_14)
FN:194,(anonymous_15)
FN:201,(anonymous_16)
FN:234,(anonymous_17)
FN:251,(anonymous_18)
FN:273,(anonymous_19)
FNF:20
FNH:0
FNDA:0,(anonymous_0)
FNDA:0,(anonymous_1)
FNDA:0,(anonymous_2)
FNDA:0,(anonymous_3)
FNDA:0,(anonymous_4)
FNDA:0,(anonymous_5)
FNDA:0,(anonymous_6)
FNDA:0,(anonymous_7)
FNDA:0,(anonymous_8)
FNDA:0,(anonymous_9)
FNDA:0,(anonymous_10)
FNDA:0,(anonymous_11)
FNDA:0,(anonymous_12)
FNDA:0,(anonymous_13)
FNDA:0,(anonymous_14)
FNDA:0,(anonymous_15)
FNDA:0,(anonymous_16)
FNDA:0,(anonymous_17)
FNDA:0,(anonymous_18)
FNDA:0,(anonymous_19)
DA:41,0
DA:47,0
DA:48,0
DA:49,0
DA:50,0
DA:51,0
DA:53,0
DA:54,0
DA:55,0
DA:56,0
DA:57,0
DA:59,0
DA:67,0
DA:69,0
DA:71,0
DA:74,0
DA:75,0
DA:76,0
DA:79,0
DA:81,0
DA:82,0
DA:84,0
DA:85,0
DA:93,0
DA:94,0
DA:97,0
DA:98,0
DA:104,0
DA:105,0
DA:106,0
DA:107,0
DA:108,0
DA:109,0
DA:110,0
DA:114,0
DA:115,0
DA:116,0
DA:117,0
DA:118,0
DA:119,0
DA:120,0
DA:124,0
DA:125,0
DA:127,0
DA:184,0
DA:192,0
DA:193,0
DA:195,0
DA:201,0
DA:214,0
DA:216,0
DA:234,0
DA:251,0
DA:273,0
DA:297,0
LF:55
LH:0
BRDA:54,0,0,0
BRDA:54,0,1,0
BRDA:56,1,0,0
BRDA:56,1,1,0
BRDA:75,2,0,0
BRDA:75,2,1,0
BRDA:76,3,0,0
BRDA:76,3,1,0
BRDA:76,3,2,0
BRDA:76,3,3,0
BRDA:81,4,0,0
BRDA:81,4,1,0
BRDA:86,5,0,0
BRDA:86,5,1,0
BRDA:98,6,0,0
BRDA:98,6,1,0
BRDA:105,7,0,0
BRDA:105,7,1,0
BRDA:105,7,2,0
BRDA:105,7,3,0
BRDA:105,7,4,0
BRDA:115,8,0,0
BRDA:115,8,1,0
BRDA:115,8,2,0
BRDA:115,8,3,0
BRDA:115,8,4,0
BRDA:147,9,0,0
BRDA:147,9,1,0
BRDA:150,10,0,0
BRDA:150,10,1,0
BRDA:157,11,0,0
BRDA:157,11,1,0
BRDA:199,12,0,0
BRDA:199,12,1,0
BRDA:205,13,0,0
BRDA:205,13,1,0
BRDA:207,14,0,0
BRDA:207,14,1,0
BRDA:214,15,0,0
BRDA:214,15,1,0
BRDA:250,16,0,0
BRDA:250,16,1,0
BRDA:264,17,0,0
BRDA:264,17,1,0
BRDA:282,18,0,0
BRDA:282,18,1,0
BRF:46
BRH:0
end_of_record
TN:
SF:src/design-system/ThemeProvider.tsx
FN:21,(anonymous_0)
FN:45,(anonymous_1)
FN:54,(anonymous_2)
FN:55,(anonymous_3)
FN:56,(anonymous_4)
FNF:5
FNH:5
FNDA:198,(anonymous_0)
FNDA:208,(anonymous_1)
FNDA:6,(anonymous_2)
FNDA:19,(anonymous_3)
FNDA:6,(anonymous_4)
DA:14,6
DA:21,6
DA:25,198
DA:26,198
DA:28,198
DA:29,198
DA:31,198
DA:38,198
DA:45,6
DA:46,208
DA:47,204
DA:48,8
DA:50,196
DA:54,6
DA:55,19
DA:56,6
LF:16
LH:16
BRDA:26,0,0,198
BRDA:26,0,1,189
BRDA:26,0,2,0
BRDA:29,1,0,5
BRDA:29,1,1,193
BRDA:47,2,0,8
BRDA:47,2,1,196
BRF:7
BRH:6
end_of_record
TN:
SF:src/design-system/tokens.ts
FNF:0
FNH:0
DA:12,6
DA:136,6
DA:208,6
DA:224,6
DA:380,6
DA:449,6
DA:517,6
DA:541,6
DA:551,6
DA:577,6
LF:10
LH:10
BRF:0
BRH:0
end_of_record
TN:
SF:src/design-system/components/Button.tsx
FN:34,(anonymous_0)
FN:53,(anonymous_1)
FN:114,(anonymous_2)
FN:159,(anonymous_3)
FNF:4
FNH:4
FNDA:43,(anonymous_0)
FNDA:43,(anonymous_1)
FNDA:43,(anonymous_2)
FNDA:1,(anonymous_3)
DA:34,1
DA:51,43
DA:53,43
DA:54,43
DA:64,43
DA:83,43
DA:104,43
DA:106,43
DA:114,43
DA:115,43
DA:121,43
DA:137,43
DA:152,43
DA:159,43
DA:160,1
DA:161,1
DA:165,43
DA:166,43
DA:168,43
DA:169,43
DA:171,43
DA:175,43
DA:222,1
LF:23
LH:23
BRDA:36,0,0,23
BRDA:37,1,0,28
BRDA:38,2,0,40
BRDA:39,3,0,35
BRDA:40,4,0,42
BRDA:85,5,0,3
BRDA:85,5,1,40
BRDA:86,6,0,3
BRDA:86,6,1,40
BRDA:91,7,0,3
BRDA:91,7,1,40
BRDA:98,8,0,3
BRDA:98,8,1,40
BRDA:99,9,0,3
BRDA:99,9,1,40
BRDA:104,10,0,1
BRDA:104,10,1,42
BRDA:139,11,0,3
BRDA:139,11,1,40
BRDA:142,12,0,3
BRDA:142,12,1,40
BRDA:145,13,0,3
BRDA:145,13,1,40
BRDA:148,14,0,3
BRDA:148,14,1,40
BRDA:160,15,0,1
BRDA:160,15,1,0
BRDA:160,16,0,1
BRDA:160,16,1,1
BRDA:160,16,2,1
BRDA:171,17,0,33
BRDA:171,17,1,10
BRDA:171,18,0,43
BRDA:171,18,1,15
BRDA:179,19,0,43
BRDA:179,19,1,40
BRDA:186,20,0,43
BRDA:186,20,1,40
BRDA:191,21,0,43
BRDA:191,21,1,8
BRDA:195,22,0,0
BRDA:195,22,1,8
BRDA:199,23,0,43
BRDA:199,23,1,35
BRDA:201,24,0,35
BRDA:201,24,1,2
BRDA:211,25,0,35
BRDA:211,25,1,2
BRF:48
BRH:46
end_of_record
TN:
SF:src/design-system/components/Card.tsx
FN:24,(anonymous_0)
FN:37,(anonymous_1)
FNF:2
FNH:2
FNDA:37,(anonymous_0)
FNDA:37,(anonymous_1)
DA:24,1
DA:35,37
DA:37,37
DA:38,37
DA:43,37
DA:64,37
DA:70,37
DA:72,37
DA:73,10
DA:88,27
LF:10
LH:10
BRDA:26,0,0,21
BRDA:27,1,0,23
BRDA:72,2,0,10
BRDA:72,2,1,27
BRDA:79,3,0,10
BRDA:79,3,1,8
BRF:6
BRH:6
end_of_record
TN:
SF:src/design-system/components/Input.tsx
FN:30,(anonymous_0)
FN:51,(anonymous_1)
FN:56,(anonymous_2)
FN:61,(anonymous_3)
FN:98,(anonymous_4)
FN:110,(anonymous_5)
FN:120,(anonymous_6)
FNF:7
FNH:7
FNDA:29,(anonymous_0)
FNDA:1,(anonymous_1)
FNDA:1,(anonymous_2)
FNDA:29,(anonymous_3)
FNDA:29,(anonymous_4)
FNDA:29,(anonymous_5)
FNDA:5,(anonymous_6)
DA:30,1
DA:48,29
DA:49,29
DA:51,29
DA:52,1
DA:53,1
DA:56,29
DA:57,1
DA:58,1
DA:61,29
DA:62,29
DA:74,29
DA:75,3
DA:79,26
DA:80,1
DA:86,25
DA:92,29
DA:98,29
DA:99,29
DA:110,29
DA:111,29
DA:120,29
DA:121,5
DA:130,29
DA:131,29
DA:132,29
DA:134,29
DA:186,1
DA:193,1
LF:29
LH:29
BRDA:35,0,0,26
BRDA:41,1,0,28
BRDA:42,2,0,28
BRDA:66,3,0,1
BRDA:66,3,1,28
BRDA:69,4,0,1
BRDA:69,4,1,28
BRDA:74,5,0,3
BRDA:74,5,1,26
BRDA:79,6,0,1
BRDA:79,6,1,25
BRDA:87,7,0,3
BRDA:87,7,1,22
BRDA:104,8,0,3
BRDA:104,8,1,26
BRDA:105,9,0,1
BRDA:105,9,1,28
BRDA:125,10,0,3
BRDA:125,10,1,2
BRDA:136,11,0,29
BRDA:136,11,1,4
BRDA:141,12,0,29
BRDA:141,12,1,4
BRDA:158,13,0,29
BRDA:158,13,1,25
BRDA:165,14,0,29
BRDA:165,14,1,5
BRDA:170,15,0,2
BRDA:170,15,1,3
BRDA:177,16,0,29
BRDA:177,16,1,26
BRDA:177,16,2,5
BRDA:179,17,0,5
BRDA:179,17,1,2
BRF:34
BRH:34
end_of_record
TN:
SF:src/design-system/components/Layout.tsx
FN:13,(anonymous_0)
FN:46,(anonymous_1)
FN:57,(anonymous_2)
FN:70,(anonymous_3)
FN:98,(anonymous_4)
FN:133,(anonymous_5)
FN:160,(anonymous_6)
FN:189,(anonymous_7)
FN:203,(anonymous_8)
FNF:9
FNH:9
FNDA:3,(anonymous_0)
FNDA:3,(anonymous_1)
FNDA:3,(anonymous_2)
FNDA:7,(anonymous_3)
FNDA:5,(anonymous_4)
FNDA:3,(anonymous_5)
FNDA:3,(anonymous_6)
FNDA:12,(anonymous_7)
FNDA:2,(anonymous_8)
DA:13,1
DA:20,3
DA:21,3
DA:23,3
DA:31,3
DA:46,1
DA:53,3
DA:54,3
DA:57,3
DA:58,3
DA:60,2
DA:61,2
DA:62,2
DA:65,3
DA:66,3
DA:68,3
DA:71,7
DA:98,1
DA:107,5
DA:108,5
DA:110,5
DA:118,5
DA:133,1
DA:140,3
DA:141,3
DA:143,3
DA:160,1
DA:168,3
DA:170,3
DA:189,1
DA:190,12
DA:192,12
DA:203,1
DA:208,2
DA:209,2
DA:210,2
DA:213,1
LF:37
LH:37
BRDA:16,0,0,2
BRDA:17,1,0,2
BRDA:18,2,0,3
BRDA:26,3,0,1
BRDA:26,3,1,2
BRDA:28,4,0,1
BRDA:28,4,1,2
BRDA:28,5,0,3
BRDA:28,5,1,3
BRDA:49,6,0,2
BRDA:51,7,0,2
BRDA:58,8,0,1
BRDA:58,8,1,2
BRDA:100,9,0,3
BRDA:101,10,0,4
BRDA:102,11,0,4
BRDA:103,12,0,4
BRDA:104,13,0,4
BRDA:114,14,0,1
BRDA:114,14,1,4
BRDA:135,15,0,0
BRDA:145,16,0,1
BRDA:145,16,1,2
BRDA:145,17,0,3
BRDA:145,17,1,1
BRDA:165,18,0,3
BRDA:166,19,0,3
BRDA:198,20,0,0
BRDA:198,20,1,12
BRDA:206,21,0,2
BRDA:210,22,0,0
BRDA:210,22,1,2
BRDA:210,23,0,2
BRDA:210,23,1,0
BRF:34
BRH:30
end_of_record
TN:
SF:src/design-system/components/Typography.tsx
FN:26,(anonymous_0)
FN:40,(anonymous_1)
FN:56,(anonymous_2)
FN:80,(anonymous_3)
FN:103,(anonymous_4)
FN:107,(anonymous_5)
FN:111,(anonymous_6)
FN:115,(anonymous_7)
FN:119,(anonymous_8)
FN:123,(anonymous_9)
FN:127,(anonymous_10)
FN:131,(anonymous_11)
FN:135,(anonymous_12)
FN:139,(anonymous_13)
FN:143,(anonymous_14)
FN:147,(anonymous_15)
FN:151,(anonymous_16)
FN:155,(anonymous_17)
FNF:18
FNH:18
FNDA:56,(anonymous_0)
FNDA:56,(anonymous_1)
FNDA:56,(anonymous_2)
FNDA:56,(anonymous_3)
FNDA:3,(anonymous_4)
FNDA:3,(anonymous_5)
FNDA:3,(anonymous_6)
FNDA:3,(anonymous_7)
FNDA:3,(anonymous_8)
FNDA:3,(anonymous_9)
FNDA:2,(anonymous_10)
FNDA:2,(anonymous_11)
FNDA:2,(anonymous_12)
FNDA:2,(anonymous_13)
FNDA:2,(anonymous_14)
FNDA:2,(anonymous_15)
FNDA:3,(anonymous_16)
FNDA:3,(anonymous_17)
DA:26,1
DA:38,56
DA:40,56
DA:42,56
DA:45,56
DA:56,56
DA:57,56
DA:58,6
DA:60,50
DA:61,4
DA:63,46
DA:64,20
DA:66,26
DA:69,56
DA:80,56
DA:81,56
DA:82,56
DA:83,36
DA:86,56
DA:88,56
DA:103,1
DA:104,3
DA:107,1
DA:108,3
DA:111,1
DA:112,3
DA:115,1
DA:116,3
DA:119,1
DA:120,3
DA:123,1
DA:124,3
DA:127,1
DA:128,2
DA:131,1
DA:132,2
DA:135,1
DA:136,2
DA:139,1
DA:140,2
DA:143,1
DA:144,2
DA:147,1
DA:148,2
DA:151,1
DA:152,3
DA:155,1
DA:156,3
LF:48
LH:48
BRDA:28,0,0,17
BRDA:29,1,0,34
BRDA:30,2,0,52
BRDA:57,3,0,6
BRDA:57,3,1,50
BRDA:60,4,0,4
BRDA:60,4,1,46
BRDA:60,5,0,50
BRDA:60,5,1,50
BRDA:60,5,2,48
BRDA:63,6,0,20
BRDA:63,6,1,26
BRDA:81,7,0,0
BRDA:81,7,1,56
BRDA:82,8,0,20
BRDA:82,8,1,36
BRF:16
BRH:15
end_of_record
TN:
SF:src/navigation/AppNavigator.tsx
FN:28,(anonymous_0)
FN:64,(anonymous_1)
FN:94,(anonymous_2)
FN:124,(anonymous_3)
FN:126,(anonymous_4)
FN:127,(anonymous_5)
FN:197,(anonymous_6)
FN:202,(anonymous_7)
FNF:8
FNH:0
FNDA:0,(anonymous_0)
FNDA:0,(anonymous_1)
FNDA:0,(anonymous_2)
FNDA:0,(anonymous_3)
FNDA:0,(anonymous_4)
FNDA:0,(anonymous_5)
FNDA:0,(anonymous_6)
FNDA:0,(anonymous_7)
DA:22,0
DA:23,0
DA:24,0
DA:25,0
DA:26,0
DA:28,0
DA:29,0
DA:64,0
DA:65,0
DA:94,0
DA:95,0
DA:124,0
DA:125,0
DA:126,0
DA:130,0
DA:132,0
DA:133,0
DA:135,0
DA:136,0
DA:138,0
DA:139,0
DA:141,0
DA:142,0
DA:144,0
DA:145,0
DA:147,0
DA:150,0
DA:197,0
DA:198,0
DA:202,0
LF:30
LH:0
BRDA:130,0,0,0
BRDA:130,0,1,0
BRDA:130,0,2,0
BRDA:130,0,3,0
BRDA:130,0,4,0
BRDA:130,0,5,0
BRDA:132,1,0,0
BRDA:132,1,1,0
BRDA:135,2,0,0
BRDA:135,2,1,0
BRDA:138,3,0,0
BRDA:138,3,1,0
BRDA:141,4,0,0
BRDA:141,4,1,0
BRDA:144,5,0,0
BRDA:144,5,1,0
BRF:16
BRH:0
end_of_record
TN:
SF:src/screens/analytics/AnalyticsScreen.tsx
FN:7,(anonymous_0)
FN:8,(anonymous_1)
FNF:2
FNH:0
FNDA:0,(anonymous_0)
FNDA:0,(anonymous_1)
DA:7,0
DA:8,0
DA:19,0
DA:28,0
DA:79,0
LF:5
LH:0
BRF:0
BRH:0
end_of_record
TN:
SF:src/screens/analytics/DailySummaryScreen.tsx
FN:19,(anonymous_0)
FN:25,(anonymous_1)
FN:29,(anonymous_2)
FN:42,(anonymous_3)
FN:48,(anonymous_4)
FN:93,(anonymous_5)
FN:120,(anonymous_6)
FN:148,(anonymous_7)
FN:160,(anonymous_8)
FN:172,(anonymous_9)
FN:178,(anonymous_10)
FN:188,(anonymous_11)
FN:198,(anonymous_12)
FN:204,(anonymous_13)
FN:212,(anonymous_14)
FN:220,(anonymous_15)
FN:228,(anonymous_16)
FNF:17
FNH:0
FNDA:0,(anonymous_0)
FNDA:0,(anonymous_1)
FNDA:0,(anonymous_2)
FNDA:0,(anonymous_3)
FNDA:0,(anonymous_4)
FNDA:0,(anonymous_5)
FNDA:0,(anonymous_6)
FNDA:0,(anonymous_7)
FNDA:0,(anonymous_8)
FNDA:0,(anonymous_9)
FNDA:0,(anonymous_10)
FNDA:0,(anonymous_11)
FNDA:0,(anonymous_12)
FNDA:0,(anonymous_13)
FNDA:0,(anonymous_14)
FNDA:0,(anonymous_15)
FNDA:0,(anonymous_16)
DA:19,0
DA:20,0
DA:21,0
DA:22,0
DA:23,0
DA:25,0
DA:26,0
DA:29,0
DA:30,0
DA:31,0
DA:32,0
DA:33,0
DA:35,0
DA:36,0
DA:38,0
DA:42,0
DA:43,0
DA:44,0
DA:45,0
DA:48,0
DA:49,0
DA:51,0
DA:52,0
DA:54,0
DA:93,0
DA:94,0
DA:96,0
DA:98,0
DA:120,0
DA:121,0
DA:123,0
DA:125,0
DA:149,0
DA:161,0
DA:172,0
DA:173,0
DA:175,0
DA:179,0
DA:188,0
DA:189,0
DA:191,0
DA:198,0
DA:199,0
DA:204,0
DA:212,0
DA:220,0
DA:228,0
DA:237,0
DA:238,0
DA:246,0
DA:247,0
DA:254,0
DA:276,0
LF:53
LH:0
BRDA:49,0,0,0
BRDA:49,0,1,0
BRDA:63,1,0,0
BRDA:63,1,1,0
BRDA:65,2,0,0
BRDA:65,2,1,0
BRDA:69,3,0,0
BRDA:69,3,1,0
BRDA:75,4,0,0
BRDA:75,4,1,0
BRDA:77,5,0,0
BRDA:77,5,1,0
BRDA:81,6,0,0
BRDA:81,6,1,0
BRDA:85,7,0,0
BRDA:85,7,1,0
BRDA:94,8,0,0
BRDA:94,8,1,0
BRDA:121,9,0,0
BRDA:121,9,1,0
BRDA:145,10,0,0
BRDA:145,10,1,0
BRDA:157,11,0,0
BRDA:157,11,1,0
BRDA:173,12,0,0
BRDA:173,12,1,0
BRDA:173,13,0,0
BRDA:173,13,1,0
BRDA:189,14,0,0
BRDA:189,14,1,0
BRDA:237,15,0,0
BRDA:237,15,1,0
BRDA:246,16,0,0
BRDA:246,16,1,0
BRF:34
BRH:0
end_of_record
TN:
SF:src/screens/home/HomeScreen.tsx
FN:24,(anonymous_0)
FN:33,(anonymous_1)
FN:37,(anonymous_2)
FN:124,(anonymous_3)
FN:140,(anonymous_4)
FN:145,(anonymous_5)
FN:152,(anonymous_6)
FN:159,(anonymous_7)
FN:179,(anonymous_8)
FN:210,(anonymous_9)
FN:232,(anonymous_10)
FN:241,(anonymous_11)
FN:250,(anonymous_12)
FN:259,(anonymous_13)
FN:277,(anonymous_14)
FN:285,(anonymous_15)
FN:293,(anonymous_16)
FN:299,(anonymous_17)
FN:308,(anonymous_18)
FN:315,(anonymous_19)
FNF:20
FNH:0
FNDA:0,(anonymous_0)
FNDA:0,(anonymous_1)
FNDA:0,(anonymous_2)
FNDA:0,(anonymous_3)
FNDA:0,(anonymous_4)
FNDA:0,(anonymous_5)
FNDA:0,(anonymous_6)
FNDA:0,(anonymous_7)
FNDA:0,(anonymous_8)
FNDA:0,(anonymous_9)
FNDA:0,(anonymous_10)
FNDA:0,(anonymous_11)
FNDA:0,(anonymous_12)
FNDA:0,(anonymous_13)
FNDA:0,(anonymous_14)
FNDA:0,(anonymous_15)
FNDA:0,(anonymous_16)
FNDA:0,(anonymous_17)
FNDA:0,(anonymous_18)
FNDA:0,(anonymous_19)
DA:24,0
DA:25,0
DA:26,0
DA:27,0
DA:28,0
DA:29,0
DA:30,0
DA:31,0
DA:33,0
DA:34,0
DA:37,0
DA:38,0
DA:39,0
DA:40,0
DA:43,0
DA:58,0
DA:118,0
DA:119,0
DA:121,0
DA:123,0
DA:124,0
DA:128,0
DA:129,0
DA:130,0
DA:132,0
DA:133,0
DA:135,0
DA:136,0
DA:140,0
DA:141,0
DA:142,0
DA:145,0
DA:146,0
DA:152,0
DA:153,0
DA:159,0
DA:170,0
DA:179,0
DA:180,0
DA:195,0
DA:210,0
DA:232,0
DA:241,0
DA:250,0
DA:259,0
DA:277,0
DA:285,0
DA:293,0
DA:299,0
DA:308,0
DA:316,0
DA:340,0
LF:52
LH:0
BRDA:121,0,0,0
BRDA:121,0,1,0
BRDA:121,1,0,0
BRDA:121,1,1,0
BRDA:183,2,0,0
BRDA:183,2,1,0
BRDA:186,3,0,0
BRDA:186,3,1,0
BRDA:223,4,0,0
BRDA:223,4,1,0
BRDA:322,5,0,0
BRDA:322,5,1,0
BRDA:322,5,2,0
BRF:13
BRH:0
end_of_record
TN:
SF:src/screens/home/HomeViewModel.tsx
FN:18,(anonymous_0)
FN:21,(anonymous_1)
FN:35,(anonymous_2)
FN:71,(anonymous_3)
FN:104,(anonymous_4)
FN:112,(anonymous_5)
FN:117,(anonymous_6)
FNF:7
FNH:0
FNDA:0,(anonymous_0)
FNDA:0,(anonymous_1)
FNDA:0,(anonymous_2)
FNDA:0,(anonymous_3)
FNDA:0,(anonymous_4)
FNDA:0,(anonymous_5)
FNDA:0,(anonymous_6)
DA:18,0
DA:20,0
DA:21,0
DA:23,0
DA:24,0
DA:25,0
DA:28,0
DA:31,0
DA:32,0
DA:33,0
DA:35,0
DA:36,0
DA:37,0
DA:39,0
DA:41,0
DA:42,0
DA:48,0
DA:49,0
DA:55,0
DA:56,0
DA:62,0
DA:70,0
DA:72,0
DA:73,0
DA:74,0
DA:75,0
DA:77,0
DA:80,0
DA:83,0
DA:89,0
DA:90,0
DA:91,0
DA:93,0
DA:94,0
DA:96,0
DA:97,0
DA:103,0
DA:105,0
DA:106,0
DA:112,0
DA:113,0
DA:117,0
DA:118,0
DA:121,0
LF:44
LH:0
BRDA:21,0,0,0
BRDA:21,0,1,0
BRDA:39,1,0,0
BRDA:39,1,1,0
BRDA:39,1,2,0
BRDA:39,1,3,0
BRDA:71,2,0,0
BRDA:74,3,0,0
BRDA:74,3,1,0
BRDA:105,4,0,0
BRDA:105,4,1,0
BRF:11
BRH:0
end_of_record
TN:
SF:src/screens/investment/InvestmentScreen.tsx
FN:26,(anonymous_0)
FN:42,(anonymous_1)
FN:46,(anonymous_2)
FN:56,(anonymous_3)
FN:72,(anonymous_4)
FN:78,(anonymous_5)
FN:82,(anonymous_6)
FN:88,(anonymous_7)
FN:143,(anonymous_8)
FN:150,(anonymous_9)
FN:156,(anonymous_10)
FNF:11
FNH:0
FNDA:0,(anonymous_0)
FNDA:0,(anonymous_1)
FNDA:0,(anonymous_2)
FNDA:0,(anonymous_3)
FNDA:0,(anonymous_4)
FNDA:0,(anonymous_5)
FNDA:0,(anonymous_6)
FNDA:0,(anonymous_7)
FNDA:0,(anonymous_8)
FNDA:0,(anonymous_9)
FNDA:0,(anonymous_10)
DA:26,0
DA:27,0
DA:28,0
DA:29,0
DA:30,0
DA:31,0
DA:32,0
DA:33,0
DA:42,0
DA:43,0
DA:46,0
DA:47,0
DA:48,0
DA:51,0
DA:52,0
DA:55,0
DA:56,0
DA:57,0
DA:58,0
DA:61,0
DA:62,0
DA:65,0
DA:66,0
DA:68,0
DA:72,0
DA:73,0
DA:74,0
DA:75,0
DA:78,0
DA:79,0
DA:82,0
DA:83,0
DA:88,0
DA:89,0
DA:107,0
DA:108,0
DA:115,0
DA:144,0
DA:145,0
DA:150,0
DA:156,0
DA:168,0
LF:42
LH:0
BRDA:55,0,0,0
BRDA:55,0,1,0
BRDA:107,1,0,0
BRDA:107,1,1,0
BRDA:122,2,0,0
BRDA:122,2,1,0
BRF:6
BRH:0
end_of_record
TN:
SF:src/screens/investment/StockResearchScreen.tsx
FN:20,(anonymous_0)
FN:29,(anonymous_1)
FN:46,(anonymous_2)
FN:53,(anonymous_3)
FN:66,(anonymous_4)
FN:71,(anonymous_5)
FN:75,(anonymous_6)
FN:89,(anonymous_7)
FN:92,(anonymous_8)
FN:132,(anonymous_9)
FN:142,(anonymous_10)
FN:175,(anonymous_11)
FN:197,(anonymous_12)
FNF:13
FNH:0
FNDA:0,(anonymous_0)
FNDA:0,(anonymous_1)
FNDA:0,(anonymous_2)
FNDA:0,(anonymous_3)
FNDA:0,(anonymous_4)
FNDA:0,(anonymous_5)
FNDA:0,(anonymous_6)
FNDA:0,(anonymous_7)
FNDA:0,(anonymous_8)
FNDA:0,(anonymous_9)
FNDA:0,(anonymous_10)
FNDA:0,(anonymous_11)
FNDA:0,(anonymous_12)
DA:20,0
DA:21,0
DA:22,0
DA:23,0
DA:24,0
DA:25,0
DA:26,0
DA:27,0
DA:29,0
DA:30,0
DA:31,0
DA:32,0
DA:35,0
DA:36,0
DA:37,0
DA:38,0
DA:40,0
DA:42,0
DA:46,0
DA:47,0
DA:48,0
DA:49,0
DA:50,0
DA:53,0
DA:54,0
DA:55,0
DA:56,0
DA:57,0
DA:59,0
DA:60,0
DA:62,0
DA:66,0
DA:67,0
DA:69,0
DA:72,0
DA:75,0
DA:89,0
DA:90,0
DA:92,0
DA:93,0
DA:95,0
DA:97,0
DA:99,0
DA:103,0
DA:133,0
DA:143,0
DA:176,0
DA:188,0
DA:198,0
DA:199,0
DA:228,0
LF:51
LH:0
BRDA:30,0,0,0
BRDA:30,0,1,0
BRDA:67,1,0,0
BRDA:67,1,1,0
BRDA:67,2,0,0
BRDA:67,2,1,0
BRDA:90,3,0,0
BRDA:90,3,1,0
BRDA:93,4,0,0
BRDA:93,4,1,0
BRDA:93,4,2,0
BRDA:120,5,0,0
BRDA:120,5,1,0
BRDA:203,6,0,0
BRDA:203,6,1,0
BRDA:208,7,0,0
BRDA:208,7,1,0
BRDA:213,8,0,0
BRDA:213,8,1,0
BRF:19
BRH:0
end_of_record
TN:
SF:src/screens/receipt/ReceiptDetailsScreen.tsx
FN:26,(anonymous_0)
FN:35,(anonymous_1)
FN:39,(anonymous_2)
FN:59,(anonymous_3)
FN:65,(anonymous_4)
FN:79,(anonymous_5)
FN:88,(anonymous_6)
FN:97,(anonymous_7)
FN:183,(anonymous_8)
FNF:9
FNH:0
FNDA:0,(anonymous_0)
FNDA:0,(anonymous_1)
FNDA:0,(anonymous_2)
FNDA:0,(anonymous_3)
FNDA:0,(anonymous_4)
FNDA:0,(anonymous_5)
FNDA:0,(anonymous_6)
FNDA:0,(anonymous_7)
FNDA:0,(anonymous_8)
DA:26,0
DA:27,0
DA:28,0
DA:29,0
DA:31,0
DA:32,0
DA:33,0
DA:35,0
DA:36,0
DA:39,0
DA:40,0
DA:41,0
DA:42,0
DA:43,0
DA:46,0
DA:47,0
DA:48,0
DA:52,0
DA:53,0
DA:55,0
DA:59,0
DA:60,0
DA:61,0
DA:65,0
DA:66,0
DA:68,0
DA:79,0
DA:80,0
DA:81,0
DA:88,0
DA:89,0
DA:98,0
DA:99,0
DA:100,0
DA:102,0
DA:110,0
DA:111,0
DA:118,0
DA:119,0
DA:126,0
DA:132,0
DA:184,0
DA:236,0
LF:43
LH:0
BRDA:42,0,0,0
BRDA:42,0,1,0
BRDA:46,1,0,0
BRDA:46,1,1,0
BRDA:60,2,0,0
BRDA:60,2,1,0
BRDA:66,3,0,0
BRDA:66,3,1,0
BRDA:71,4,0,0
BRDA:71,4,1,0
BRDA:72,5,0,0
BRDA:72,5,1,0
BRDA:73,6,0,0
BRDA:73,6,1,0
BRDA:80,7,0,0
BRDA:80,7,1,0
BRDA:110,8,0,0
BRDA:110,8,1,0
BRDA:118,9,0,0
BRDA:118,9,1,0
BRDA:126,10,0,0
BRDA:126,10,1,0
BRDA:126,11,0,0
BRDA:126,11,1,0
BRDA:128,12,0,0
BRDA:128,12,1,0
BRDA:128,13,0,0
BRDA:128,13,1,0
BRDA:146,14,0,0
BRDA:146,14,1,0
BRDA:149,15,0,0
BRDA:149,15,1,0
BRDA:156,16,0,0
BRDA:156,16,1,0
BRDA:160,17,0,0
BRDA:160,17,1,0
BRDA:180,18,0,0
BRDA:180,18,1,0
BRDA:180,18,2,0
BRDA:186,19,0,0
BRDA:186,19,1,0
BRDA:186,20,0,0
BRDA:186,20,1,0
BRDA:197,21,0,0
BRDA:197,21,1,0
BRDA:205,22,0,0
BRDA:205,22,1,0
BRF:47
BRH:0
end_of_record
TN:
SF:src/screens/receipt/ReceiptScannerScreen.tsx
FN:28,(anonymous_0)
FN:36,(anonymous_1)
FN:37,(anonymous_2)
FN:43,(anonymous_3)
FN:59,(anonymous_4)
FN:78,(anonymous_5)
FN:109,(anonymous_6)
FN:113,(anonymous_7)
FN:131,(anonymous_8)
FN:155,(anonymous_9)
FN:159,(anonymous_10)
FNF:11
FNH:0
FNDA:0,(anonymous_0)
FNDA:0,(anonymous_1)
FNDA:0,(anonymous_2)
FNDA:0,(anonymous_3)
FNDA:0,(anonymous_4)
FNDA:0,(anonymous_5)
FNDA:0,(anonymous_6)
FNDA:0,(anonymous_7)
FNDA:0,(anonymous_8)
FNDA:0,(anonymous_9)
FNDA:0,(anonymous_10)
DA:28,0
DA:29,0
DA:30,0
DA:31,0
DA:32,0
DA:33,0
DA:34,0
DA:36,0
DA:37,0
DA:38,0
DA:39,0
DA:43,0
DA:44,0
DA:46,0
DA:47,0
DA:51,0
DA:52,0
DA:54,0
DA:55,0
DA:59,0
DA:60,0
DA:61,0
DA:68,0
DA:69,0
DA:70,0
DA:73,0
DA:74,0
DA:78,0
DA:79,0
DA:80,0
DA:82,0
DA:84,0
DA:85,0
DA:88,0
DA:101,0
DA:102,0
DA:109,0
DA:113,0
DA:118,0
DA:121,0
DA:124,0
DA:125,0
DA:127,0
DA:131,0
DA:132,0
DA:133,0
DA:146,0
DA:148,0
DA:150,0
DA:151,0
DA:155,0
DA:156,0
DA:159,0
DA:160,0
DA:161,0
DA:164,0
DA:165,0
DA:172,0
DA:173,0
DA:186,0
DA:187,0
DA:214,0
DA:255,0
LF:63
LH:0
BRDA:44,0,0,0
BRDA:44,0,1,0
BRDA:68,1,0,0
BRDA:68,1,1,0
BRDA:68,2,0,0
BRDA:68,2,1,0
BRDA:84,3,0,0
BRDA:84,3,1,0
BRDA:84,4,0,0
BRDA:84,4,1,0
BRDA:93,5,0,0
BRDA:93,5,1,0
BRDA:94,6,0,0
BRDA:94,6,1,0
BRDA:101,7,0,0
BRDA:101,7,1,0
BRDA:101,8,0,0
BRDA:101,8,1,0
BRDA:121,9,0,0
BRDA:121,9,1,0
BRDA:134,10,0,0
BRDA:134,10,1,0
BRDA:135,11,0,0
BRDA:135,11,1,0
BRDA:136,12,0,0
BRDA:136,12,1,0
BRDA:137,13,0,0
BRDA:137,13,1,0
BRDA:164,14,0,0
BRDA:164,14,1,0
BRDA:172,15,0,0
BRDA:172,15,1,0
BRDA:186,16,0,0
BRDA:186,16,1,0
BRDA:192,17,0,0
BRDA:192,17,1,0
BRDA:198,18,0,0
BRDA:198,18,1,0
BRDA:201,19,0,0
BRDA:201,19,1,0
BRF:40
BRH:0
end_of_record
TN:
SF:src/screens/settings/HalifaxLocalScreen.tsx
FN:19,(anonymous_0)
FN:27,(anonymous_1)
FN:31,(anonymous_2)
FN:36,(anonymous_3)
FN:47,(anonymous_4)
FN:55,(anonymous_5)
FN:60,(anonymous_6)
FN:92,(anonymous_7)
FN:128,(anonymous_8)
FN:135,(anonymous_9)
FN:153,(anonymous_10)
FN:164,(anonymous_11)
FN:171,(anonymous_12)
FN:182,(anonymous_13)
FN:211,(anonymous_14)
FN:220,(anonymous_15)
FN:227,(anonymous_16)
FN:234,(anonymous_17)
FN:242,(anonymous_18)
FN:248,(anonymous_19)
FNF:20
FNH:0
FNDA:0,(anonymous_0)
FNDA:0,(anonymous_1)
FNDA:0,(anonymous_2)
FNDA:0,(anonymous_3)
FNDA:0,(anonymous_4)
FNDA:0,(anonymous_5)
FNDA:0,(anonymous_6)
FNDA:0,(anonymous_7)
FNDA:0,(anonymous_8)
FNDA:0,(anonymous_9)
FNDA:0,(anonymous_10)
FNDA:0,(anonymous_11)
FNDA:0,(anonymous_12)
FNDA:0,(anonymous_13)
FNDA:0,(anonymous_14)
FNDA:0,(anonymous_15)
FNDA:0,(anonymous_16)
FNDA:0,(anonymous_17)
FNDA:0,(anonymous_18)
FNDA:0,(anonymous_19)
DA:19,0
DA:20,0
DA:21,0
DA:22,0
DA:23,0
DA:24,0
DA:25,0
DA:27,0
DA:28,0
DA:31,0
DA:32,0
DA:33,0
DA:36,0
DA:37,0
DA:38,0
DA:39,0
DA:40,0
DA:43,0
DA:44,0
DA:47,0
DA:48,0
DA:49,0
DA:51,0
DA:55,0
DA:56,0
DA:60,0
DA:92,0
DA:128,0
DA:129,0
DA:136,0
DA:154,0
DA:164,0
DA:171,0
DA:182,0
DA:183,0
DA:185,0
DA:211,0
DA:212,0
DA:214,0
DA:221,0
DA:228,0
DA:235,0
DA:242,0
DA:243,0
DA:245,0
DA:249,0
DA:258,0
DA:276,0
LF:48
LH:0
BRDA:38,0,0,0
BRDA:38,0,1,0
BRDA:38,1,0,0
BRDA:38,1,1,0
BRDA:48,2,0,0
BRDA:48,2,1,0
BRDA:64,3,0,0
BRDA:64,3,1,0
BRDA:71,4,0,0
BRDA:71,4,1,0
BRDA:95,5,0,0
BRDA:95,5,1,0
BRDA:107,6,0,0
BRDA:107,6,1,0
BRDA:140,7,0,0
BRDA:140,7,1,0
BRDA:143,8,0,0
BRDA:143,8,1,0
BRDA:156,9,0,0
BRDA:156,9,1,0
BRF:20
BRH:0
end_of_record
TN:
SF:src/screens/settings/SettingsScreen.tsx
FN:14,(anonymous_0)
FN:18,(anonymous_1)
FN:54,(anonymous_2)
FN:74,(anonymous_3)
FN:80,(anonymous_4)
FN:115,(anonymous_5)
FN:124,(anonymous_6)
FN:130,(anonymous_7)
FN:139,(anonymous_8)
FN:145,(anonymous_9)
FNF:10
FNH:0
FNDA:0,(anonymous_0)
FNDA:0,(anonymous_1)
FNDA:0,(anonymous_2)
FNDA:0,(anonymous_3)
FNDA:0,(anonymous_4)
FNDA:0,(anonymous_5)
FNDA:0,(anonymous_6)
FNDA:0,(anonymous_7)
FNDA:0,(anonymous_8)
FNDA:0,(anonymous_9)
DA:14,0
DA:15,0
DA:16,0
DA:18,0
DA:33,0
DA:54,0
DA:61,0
DA:67,0
DA:152,0
LF:9
LH:0
BRDA:23,0,0,0
BRDA:38,1,0,0
BRDA:38,1,1,0
BRDA:43,2,0,0
BRDA:43,2,1,0
BRDA:43,2,2,0
BRF:6
BRH:0
end_of_record
TN:
SF:src/screens/transaction/AddTransactionScreen.tsx
FN:17,(anonymous_0)
FN:21,(anonymous_1)
FN:26,(anonymous_2)
FN:32,(anonymous_3)
FN:91,(anonymous_4)
FN:99,(anonymous_5)
FN:110,(anonymous_6)
FN:147,(anonymous_7)
FN:166,(anonymous_8)
FN:185,(anonymous_9)
FN:208,(anonymous_10)
FNF:11
FNH:0
FNDA:0,(anonymous_0)
FNDA:0,(anonymous_1)
FNDA:0,(anonymous_2)
FNDA:0,(anonymous_3)
FNDA:0,(anonymous_4)
FNDA:0,(anonymous_5)
FNDA:0,(anonymous_6)
FNDA:0,(anonymous_7)
FNDA:0,(anonymous_8)
FNDA:0,(anonymous_9)
FNDA:0,(anonymous_10)
DA:17,0
DA:18,0
DA:19,0
DA:21,0
DA:23,0
DA:26,0
DA:27,0
DA:32,0
DA:33,0
DA:38,0
DA:91,0
DA:99,0
DA:110,0
DA:147,0
DA:166,0
DA:185,0
DA:208,0
DA:215,0
LF:18
LH:0
BRF:0
BRH:0
end_of_record
TN:
SF:src/screens/transaction/AdvancedAddTransactionScreen.tsx
FN:59,(anonymous_0)
FN:97,(anonymous_1)
FN:103,(anonymous_2)
FN:107,(anonymous_3)
FN:110,(anonymous_4)
FN:116,(anonymous_5)
FN:122,(anonymous_6)
FN:137,(anonymous_7)
FN:146,(anonymous_8)
FN:164,(anonymous_9)
FN:165,(anonymous_10)
FN:169,(anonymous_11)
FN:181,(anonymous_12)
FN:189,(anonymous_13)
FN:194,(anonymous_14)
FN:212,(anonymous_15)
FN:232,(anonymous_16)
FN:234,(anonymous_17)
FN:253,(anonymous_18)
FN:269,(anonymous_19)
FN:270,(anonymous_20)
FN:274,(anonymous_21)
FN:282,(anonymous_22)
FN:295,(anonymous_23)
FN:300,(anonymous_24)
FN:323,(anonymous_25)
FN:357,(anonymous_26)
FN:359,(anonymous_27)
FN:375,(anonymous_28)
FN:390,(anonymous_29)
FN:417,(anonymous_30)
FN:432,(anonymous_31)
FN:457,(anonymous_32)
FN:477,(anonymous_33)
FN:499,(anonymous_34)
FN:517,(anonymous_35)
FN:533,(anonymous_36)
FN:552,(anonymous_37)
FN:556,(anonymous_38)
FN:558,(anonymous_39)
FN:587,(anonymous_40)
FN:596,(anonymous_41)
FN:608,(anonymous_42)
FN:629,(anonymous_43)
FN:643,(anonymous_44)
FN:674,(anonymous_45)
FN:679,(anonymous_46)
FN:693,(anonymous_47)
FN:697,(anonymous_48)
FN:726,(anonymous_49)
FN:757,getSmartCategoryMatches
FN:769,(anonymous_51)
FN:779,(anonymous_52)
FN:790,(anonymous_53)
FN:793,getTimeBasedSuggestions
FN:837,getConfidenceColor
FNF:56
FNH:0
FNDA:0,(anonymous_0)
FNDA:0,(anonymous_1)
FNDA:0,(anonymous_2)
FNDA:0,(anonymous_3)
FNDA:0,(anonymous_4)
FNDA:0,(anonymous_5)
FNDA:0,(anonymous_6)
FNDA:0,(anonymous_7)
FNDA:0,(anonymous_8)
FNDA:0,(anonymous_9)
FNDA:0,(anonymous_10)
FNDA:0,(anonymous_11)
FNDA:0,(anonymous_12)
FNDA:0,(anonymous_13)
FNDA:0,(anonymous_14)
FNDA:0,(anonymous_15)
FNDA:0,(anonymous_16)
FNDA:0,(anonymous_17)
FNDA:0,(anonymous_18)
FNDA:0,(anonymous_19)
FNDA:0,(anonymous_20)
FNDA:0,(anonymous_21)
FNDA:0,(anonymous_22)
FNDA:0,(anonymous_23)
FNDA:0,(anonymous_24)
FNDA:0,(anonymous_25)
FNDA:0,(anonymous_26)
FNDA:0,(anonymous_27)
FNDA:0,(anonymous_28)
FNDA:0,(anonymous_29)
FNDA:0,(anonymous_30)
FNDA:0,(anonymous_31)
FNDA:0,(anonymous_32)
FNDA:0,(anonymous_33)
FNDA:0,(anonymous_34)
FNDA:0,(anonymous_35)
FNDA:0,(anonymous_36)
FNDA:0,(anonymous_37)
FNDA:0,(anonymous_38)
FNDA:0,(anonymous_39)
FNDA:0,(anonymous_40)
FNDA:0,(anonymous_41)
FNDA:0,(anonymous_42)
FNDA:0,(anonymous_43)
FNDA:0,(anonymous_44)
FNDA:0,(anonymous_45)
FNDA:0,(anonymous_46)
FNDA:0,(anonymous_47)
FNDA:0,(anonymous_48)
FNDA:0,(anonymous_49)
FNDA:0,getSmartCategoryMatches
FNDA:0,(anonymous_51)
FNDA:0,(anonymous_52)
FNDA:0,(anonymous_53)
FNDA:0,getTimeBasedSuggestions
FNDA:0,getConfidenceColor
DA:59,0
DA:60,0
DA:61,0
DA:62,0
DA:65,0
DA:66,0
DA:67,0
DA:70,0
DA:82,0
DA:83,0
DA:84,0
DA:85,0
DA:86,0
DA:89,0
DA:90,0
DA:91,0
DA:92,0
DA:93,0
DA:94,0
DA:97,0
DA:98,0
DA:99,0
DA:103,0
DA:104,0
DA:105,0
DA:106,0
DA:107,0
DA:109,0
DA:110,0
DA:116,0
DA:117,0
DA:118,0
DA:122,0
DA:123,0
DA:137,0
DA:138,0
DA:139,0
DA:142,0
DA:143,0
DA:145,0
DA:146,0
DA:150,0
DA:151,0
DA:154,0
DA:159,0
DA:160,0
DA:161,0
DA:164,0
DA:165,0
DA:167,0
DA:169,0
DA:171,0
DA:174,0
DA:175,0
DA:177,0
DA:181,0
DA:182,0
DA:185,0
DA:186,0
DA:189,0
DA:190,0
DA:194,0
DA:195,0
DA:211,0
DA:212,0
DA:213,0
DA:226,0
DA:227,0
DA:228,0
DA:232,0
DA:234,0
DA:235,0
DA:248,0
DA:249,0
DA:252,0
DA:253,0
DA:256,0
DA:259,0
DA:260,0
DA:261,0
DA:269,0
DA:270,0
DA:273,0
DA:274,0
DA:275,0
DA:276,0
DA:279,0
DA:282,0
DA:283,0
DA:286,0
DA:287,0
DA:291,0
DA:296,0
DA:300,0
DA:301,0
DA:303,0
DA:304,0
DA:307,0
DA:308,0
DA:311,0
DA:312,0
DA:315,0
DA:316,0
DA:319,0
DA:320,0
DA:323,0
DA:324,0
DA:326,0
DA:327,0
DA:330,0
DA:331,0
DA:332,0
DA:343,0
DA:345,0
DA:347,0
DA:348,0
DA:351,0
DA:359,0
DA:369,0
DA:375,0
DA:380,0
DA:383,0
DA:384,0
DA:386,0
DA:390,0
DA:392,0
DA:393,0
DA:401,0
DA:417,0
DA:432,0
DA:457,0
DA:477,0
DA:499,0
DA:517,0
DA:533,0
DA:553,0
DA:556,0
DA:558,0
DA:587,0
DA:596,0
DA:609,0
DA:610,0
DA:611,0
DA:629,0
DA:643,0
DA:675,0
DA:680,0
DA:694,0
DA:697,0
DA:726,0
DA:758,0
DA:760,0
DA:769,0
DA:770,0
DA:771,0
DA:774,0
DA:775,0
DA:778,0
DA:779,0
DA:780,0
DA:782,0
DA:785,0
DA:786,0
DA:790,0
DA:794,0
DA:795,0
DA:796,0
DA:799,0
DA:800,0
DA:817,0
DA:818,0
DA:834,0
DA:838,0
DA:839,0
DA:840,0
DA:841,0
DA:844,0
LF:177
LH:0
BRDA:105,0,0,0
BRDA:105,0,1,0
BRDA:106,1,0,0
BRDA:106,1,1,0
BRDA:109,2,0,0
BRDA:109,2,1,0
BRDA:117,3,0,0
BRDA:117,3,1,0
BRDA:117,4,0,0
BRDA:117,4,1,0
BRDA:145,5,0,0
BRDA:145,5,1,0
BRDA:145,6,0,0
BRDA:145,6,1,0
BRDA:159,7,0,0
BRDA:159,7,1,0
BRDA:159,8,0,0
BRDA:159,8,1,0
BRDA:185,9,0,0
BRDA:185,9,1,0
BRDA:190,10,0,0
BRDA:190,10,1,0
BRDA:226,11,0,0
BRDA:226,11,1,0
BRDA:226,12,0,0
BRDA:226,12,1,0
BRDA:232,13,0,0
BRDA:232,13,1,0
BRDA:259,14,0,0
BRDA:259,14,1,0
BRDA:259,15,0,0
BRDA:259,15,1,0
BRDA:275,16,0,0
BRDA:275,16,1,0
BRDA:286,17,0,0
BRDA:286,17,1,0
BRDA:303,18,0,0
BRDA:303,18,1,0
BRDA:303,19,0,0
BRDA:303,19,1,0
BRDA:307,20,0,0
BRDA:307,20,1,0
BRDA:307,21,0,0
BRDA:307,21,1,0
BRDA:311,22,0,0
BRDA:311,22,1,0
BRDA:315,23,0,0
BRDA:315,23,1,0
BRDA:324,24,0,0
BRDA:324,24,1,0
BRDA:333,25,0,0
BRDA:333,25,1,0
BRDA:345,26,0,0
BRDA:345,26,1,0
BRDA:347,27,0,0
BRDA:347,27,1,0
BRDA:380,28,0,0
BRDA:380,28,1,0
BRDA:392,29,0,0
BRDA:392,29,1,0
BRDA:392,30,0,0
BRDA:392,30,1,0
BRDA:404,31,0,0
BRDA:404,31,1,0
BRDA:435,32,0,0
BRDA:435,32,1,0
BRDA:455,33,0,0
BRDA:455,33,1,0
BRDA:462,34,0,0
BRDA:462,34,1,0
BRDA:466,35,0,0
BRDA:466,35,1,0
BRDA:475,36,0,0
BRDA:475,36,1,0
BRDA:482,37,0,0
BRDA:482,37,1,0
BRDA:486,38,0,0
BRDA:486,38,1,0
BRDA:514,39,0,0
BRDA:514,39,1,0
BRDA:523,40,0,0
BRDA:523,40,1,0
BRDA:539,41,0,0
BRDA:539,41,1,0
BRDA:550,42,0,0
BRDA:550,42,1,0
BRDA:564,43,0,0
BRDA:564,43,1,0
BRDA:577,44,0,0
BRDA:577,44,1,0
BRDA:603,45,0,0
BRDA:603,45,1,0
BRDA:610,46,0,0
BRDA:610,46,1,0
BRDA:619,47,0,0
BRDA:619,47,1,0
BRDA:653,48,0,0
BRDA:653,48,1,0
BRDA:653,48,2,0
BRDA:735,49,0,0
BRDA:735,49,1,0
BRDA:740,50,0,0
BRDA:740,50,1,0
BRDA:774,51,0,0
BRDA:774,51,1,0
BRDA:774,52,0,0
BRDA:774,52,1,0
BRDA:778,53,0,0
BRDA:778,53,1,0
BRDA:785,54,0,0
BRDA:785,54,1,0
BRDA:799,55,0,0
BRDA:799,55,1,0
BRDA:799,56,0,0
BRDA:799,56,1,0
BRDA:817,57,0,0
BRDA:817,57,1,0
BRDA:817,58,0,0
BRDA:817,58,1,0
BRDA:817,58,2,0
BRDA:817,58,3,0
BRDA:838,59,0,0
BRDA:838,59,1,0
BRDA:839,60,0,0
BRDA:839,60,1,0
BRDA:840,61,0,0
BRDA:840,61,1,0
BRF:127
BRH:0
end_of_record
TN:
SF:src/screens/transaction/TransactionDetailsScreen.tsx
FN:36,(anonymous_0)
FN:52,(anonymous_1)
FN:57,(anonymous_2)
FN:104,(anonymous_3)
FN:152,(anonymous_4)
FN:160,(anonymous_5)
FN:165,(anonymous_6)
FN:180,(anonymous_7)
FN:189,(anonymous_8)
FN:195,(anonymous_9)
FN:207,(anonymous_10)
FN:211,(anonymous_11)
FN:264,(anonymous_12)
FN:354,(anonymous_13)
FNF:14
FNH:0
FNDA:0,(anonymous_0)
FNDA:0,(anonymous_1)
FNDA:0,(anonymous_2)
FNDA:0,(anonymous_3)
FNDA:0,(anonymous_4)
FNDA:0,(anonymous_5)
FNDA:0,(anonymous_6)
FNDA:0,(anonymous_7)
FNDA:0,(anonymous_8)
FNDA:0,(anonymous_9)
FNDA:0,(anonymous_10)
FNDA:0,(anonymous_11)
FNDA:0,(anonymous_12)
FNDA:0,(anonymous_13)
DA:36,0
DA:37,0
DA:38,0
DA:40,0
DA:42,0
DA:43,0
DA:44,0
DA:45,0
DA:46,0
DA:47,0
DA:48,0
DA:49,0
DA:50,0
DA:52,0
DA:53,0
DA:54,0
DA:57,0
DA:58,0
DA:59,0
DA:60,0
DA:63,0
DA:75,0
DA:83,0
DA:93,0
DA:94,0
DA:95,0
DA:97,0
DA:98,0
DA:100,0
DA:104,0
DA:105,0
DA:107,0
DA:128,0
DA:145,0
DA:146,0
DA:148,0
DA:152,0
DA:153,0
DA:154,0
DA:157,0
DA:160,0
DA:162,0
DA:166,0
DA:168,0
DA:173,0
DA:174,0
DA:176,0
DA:180,0
DA:181,0
DA:190,0
DA:192,0
DA:194,0
DA:195,0
DA:198,0
DA:199,0
DA:207,0
DA:208,0
DA:211,0
DA:212,0
DA:216,0
DA:217,0
DA:225,0
DA:226,0
DA:241,0
DA:242,0
DA:255,0
DA:256,0
DA:258,0
DA:264,0
DA:356,0
DA:412,0
LF:71
LH:0
BRDA:40,0,0,0
BRDA:216,1,0,0
BRDA:216,1,1,0
BRDA:225,2,0,0
BRDA:225,2,1,0
BRDA:225,3,0,0
BRDA:225,3,1,0
BRDA:230,4,0,0
BRDA:230,4,1,0
BRDA:241,5,0,0
BRDA:241,5,1,0
BRDA:256,6,0,0
BRDA:256,6,1,0
BRDA:306,7,0,0
BRDA:306,7,1,0
BRDA:323,8,0,0
BRDA:323,8,1,0
BRDA:334,9,0,0
BRDA:334,9,1,0
BRDA:346,10,0,0
BRDA:346,10,1,0
BRF:21
BRH:0
end_of_record
TN:
SF:src/screens/transaction/TransactionListScreen.tsx
FN:26,(anonymous_0)
FN:38,(anonymous_1)
FN:42,(anonymous_2)
FN:46,(anonymous_3)
FN:153,(anonymous_4)
FN:159,(anonymous_5)
FN:182,(anonymous_6)
FN:186,(anonymous_7)
FN:191,(anonymous_8)
FN:196,(anonymous_9)
FN:203,(anonymous_10)
FN:209,(anonymous_11)
FN:215,(anonymous_12)
FN:215,(anonymous_13)
FN:224,(anonymous_14)
FN:225,(anonymous_15)
FN:228,(anonymous_16)
FN:235,(anonymous_17)
FN:242,(anonymous_18)
FN:244,(anonymous_19)
FN:251,(anonymous_20)
FN:287,(anonymous_21)
FN:299,(anonymous_22)
FN:325,(anonymous_23)
FN:347,(anonymous_24)
FNF:25
FNH:0
FNDA:0,(anonymous_0)
FNDA:0,(anonymous_1)
FNDA:0,(anonymous_2)
FNDA:0,(anonymous_3)
FNDA:0,(anonymous_4)
FNDA:0,(anonymous_5)
FNDA:0,(anonymous_6)
FNDA:0,(anonymous_7)
FNDA:0,(anonymous_8)
FNDA:0,(anonymous_9)
FNDA:0,(anonymous_10)
FNDA:0,(anonymous_11)
FNDA:0,(anonymous_12)
FNDA:0,(anonymous_13)
FNDA:0,(anonymous_14)
FNDA:0,(anonymous_15)
FNDA:0,(anonymous_16)
FNDA:0,(anonymous_17)
FNDA:0,(anonymous_18)
FNDA:0,(anonymous_19)
FNDA:0,(anonymous_20)
FNDA:0,(anonymous_21)
FNDA:0,(anonymous_22)
FNDA:0,(anonymous_23)
FNDA:0,(anonymous_24)
DA:26,0
DA:27,0
DA:29,0
DA:30,0
DA:31,0
DA:32,0
DA:33,0
DA:34,0
DA:35,0
DA:36,0
DA:38,0
DA:39,0
DA:42,0
DA:43,0
DA:46,0
DA:47,0
DA:48,0
DA:49,0
DA:52,0
DA:111,0
DA:142,0
DA:143,0
DA:145,0
DA:146,0
DA:148,0
DA:149,0
DA:153,0
DA:154,0
DA:157,0
DA:158,0
DA:159,0
DA:160,0
DA:166,0
DA:167,0
DA:168,0
DA:170,0
DA:172,0
DA:173,0
DA:175,0
DA:176,0
DA:178,0
DA:179,0
DA:182,0
DA:186,0
DA:188,0
DA:191,0
DA:192,0
DA:193,0
DA:196,0
DA:197,0
DA:203,0
DA:204,0
DA:209,0
DA:210,0
DA:212,0
DA:215,0
DA:217,0
DA:219,0
DA:220,0
DA:224,0
DA:225,0
DA:228,0
DA:229,0
DA:237,0
DA:242,0
DA:243,0
DA:245,0
DA:251,0
DA:264,0
DA:265,0
DA:273,0
DA:287,0
DA:299,0
DA:325,0
DA:347,0
DA:357,0
LF:76
LH:0
BRDA:157,0,0,0
BRDA:157,0,1,0
BRDA:160,1,0,0
BRDA:160,1,1,0
BRDA:166,2,0,0
BRDA:166,2,1,0
BRDA:170,3,0,0
BRDA:170,3,1,0
BRDA:170,3,2,0
BRDA:249,4,0,0
BRDA:249,4,1,0
BRDA:255,5,0,0
BRDA:255,5,1,0
BRDA:264,6,0,0
BRDA:264,6,1,0
BRDA:286,7,0,0
BRDA:286,7,1,0
BRDA:314,8,0,0
BRDA:314,8,1,0
BRDA:317,9,0,0
BRDA:317,9,1,0
BRDA:322,10,0,0
BRDA:322,10,1,0
BRDA:333,11,0,0
BRDA:333,11,1,0
BRDA:336,12,0,0
BRDA:336,12,1,0
BRDA:337,13,0,0
BRDA:337,13,1,0
BRF:29
BRH:0
end_of_record
TN:
SF:src/services/CurrencyService.ts
FN:105,(anonymous_0)
FN:107,(anonymous_1)
FN:117,(anonymous_2)
FN:155,(anonymous_3)
FN:189,(anonymous_4)
FN:226,(anonymous_5)
FN:263,(anonymous_6)
FN:305,(anonymous_7)
FN:376,(anonymous_8)
FN:387,(anonymous_9)
FN:400,(anonymous_10)
FN:439,(anonymous_11)
FN:449,(anonymous_12)
FN:458,(anonymous_13)
FN:467,(anonymous_14)
FN:513,(anonymous_15)
FN:520,(anonymous_16)
FN:527,(anonymous_17)
FN:548,(anonymous_18)
FN:569,(anonymous_19)
FN:576,(anonymous_20)
FN:583,(anonymous_21)
FN:590,(anonymous_22)
FN:595,(anonymous_23)
FN:605,(anonymous_24)
FNF:25
FNH:0
FNDA:0,(anonymous_0)
FNDA:0,(anonymous_1)
FNDA:0,(anonymous_2)
FNDA:0,(anonymous_3)
FNDA:0,(anonymous_4)
FNDA:0,(anonymous_5)
FNDA:0,(anonymous_6)
FNDA:0,(anonymous_7)
FNDA:0,(anonymous_8)
FNDA:0,(anonymous_9)
FNDA:0,(anonymous_10)
FNDA:0,(anonymous_11)
FNDA:0,(anonymous_12)
FNDA:0,(anonymous_13)
FNDA:0,(anonymous_14)
FNDA:0,(anonymous_15)
FNDA:0,(anonymous_16)
FNDA:0,(anonymous_17)
FNDA:0,(anonymous_18)
FNDA:0,(anonymous_19)
FNDA:0,(anonymous_20)
FNDA:0,(anonymous_21)
FNDA:0,(anonymous_22)
FNDA:0,(anonymous_23)
FNDA:0,(anonymous_24)
DA:69,0
DA:82,0
DA:108,0
DA:109,0
DA:111,0
DA:128,0
DA:130,0
DA:131,0
DA:132,0
DA:134,0
DA:135,0
DA:136,0
DA:137,0
DA:138,0
DA:139,0
DA:143,0
DA:148,0
DA:149,0
DA:165,0
DA:167,0
DA:168,0
DA:170,0
DA:171,0
DA:172,0
DA:179,0
DA:194,0
DA:195,0
DA:197,0
DA:198,0
DA:200,0
DA:201,0
DA:202,0
DA:203,0
DA:204,0
DA:205,0
DA:206,0
DA:207,0
DA:208,0
DA:211,0
DA:238,0
DA:240,0
DA:242,0
DA:244,0
DA:250,0
DA:275,0
DA:277,0
DA:279,0
DA:280,0
DA:282,0
DA:283,0
DA:284,0
DA:285,0
DA:287,0
DA:288,0
DA:292,0
DA:321,0
DA:322,0
DA:323,0
DA:338,0
DA:339,0
DA:341,0
DA:342,0
DA:349,0
DA:351,0
DA:365,0
DA:377,0
DA:381,0
DA:388,0
DA:393,0
DA:394,0
DA:405,0
DA:407,0
DA:408,0
DA:409,0
DA:412,0
DA:413,0
DA:414,0
DA:417,0
DA:419,0
DA:420,0
DA:421,0
DA:424,0
DA:425,0
DA:426,0
DA:429,0
DA:440,0
DA:441,0
DA:443,0
DA:457,0
DA:458,0
DA:477,0
DA:479,0
DA:480,0
DA:482,0
DA:483,0
DA:485,0
DA:486,0
DA:487,0
DA:488,0
DA:490,0
DA:491,0
DA:495,0
DA:499,0
DA:500,0
DA:502,0
DA:514,0
DA:521,0
DA:528,0
DA:530,0
DA:548,0
DA:549,0
DA:550,0
DA:553,0
DA:558,0
DA:570,0
DA:577,0
DA:584,0
DA:595,0
DA:615,0
DA:617,0
DA:623,0
DA:629,0
DA:635,0
DA:641,0
DA:644,0
DA:650,0
LF:126
LH:0
BRDA:108,0,0,0
BRDA:108,0,1,0
BRDA:119,1,0,0
BRDA:120,2,0,0
BRDA:123,3,0,0
BRDA:124,4,0,0
BRDA:125,5,0,0
BRDA:126,6,0,0
BRDA:127,7,0,0
BRDA:130,8,0,0
BRDA:130,8,1,0
BRDA:130,9,0,0
BRDA:130,9,1,0
BRDA:132,10,0,0
BRDA:132,10,1,0
BRDA:132,11,0,0
BRDA:132,11,1,0
BRDA:132,12,0,0
BRDA:132,12,1,0
BRDA:134,13,0,0
BRDA:134,13,1,0
BRDA:136,14,0,0
BRDA:136,14,1,0
BRDA:138,15,0,0
BRDA:138,15,1,0
BRDA:148,16,0,0
BRDA:148,16,1,0
BRDA:148,17,0,0
BRDA:148,17,1,0
BRDA:148,18,0,0
BRDA:148,18,1,0
BRDA:158,19,0,0
BRDA:159,20,0,0
BRDA:165,21,0,0
BRDA:168,22,0,0
BRDA:168,22,1,0
BRDA:171,23,0,0
BRDA:171,23,1,0
BRDA:192,24,0,0
BRDA:194,25,0,0
BRDA:194,25,1,0
BRDA:200,26,0,0
BRDA:200,26,1,0
BRDA:203,27,0,0
BRDA:203,27,1,0
BRDA:206,28,0,0
BRDA:206,28,1,0
BRDA:229,29,0,0
BRDA:240,30,0,0
BRDA:240,30,1,0
BRDA:242,31,0,0
BRDA:242,31,1,0
BRDA:244,32,0,0
BRDA:244,32,1,0
BRDA:246,33,0,0
BRDA:246,33,1,0
BRDA:266,34,0,0
BRDA:277,35,0,0
BRDA:277,35,1,0
BRDA:282,36,0,0
BRDA:282,36,1,0
BRDA:283,37,0,0
BRDA:283,37,1,0
BRDA:322,38,0,0
BRDA:322,38,1,0
BRDA:341,39,0,0
BRDA:341,39,1,0
BRDA:368,40,0,0
BRDA:368,40,1,0
BRDA:381,41,0,0
BRDA:381,41,1,0
BRDA:387,42,0,0
BRDA:394,43,0,0
BRDA:394,43,1,0
BRDA:407,44,0,0
BRDA:407,44,1,0
BRDA:407,45,0,0
BRDA:407,45,1,0
BRDA:412,46,0,0
BRDA:412,46,1,0
BRDA:419,47,0,0
BRDA:419,47,1,0
BRDA:424,48,0,0
BRDA:424,48,1,0
BRDA:440,49,0,0
BRDA:440,49,1,0
BRDA:450,50,0,0
BRDA:470,51,0,0
BRDA:477,52,0,0
BRDA:477,53,0,0
BRDA:480,54,0,0
BRDA:480,54,1,0
BRDA:485,55,0,0
BRDA:485,55,1,0
BRDA:486,56,0,0
BRDA:486,56,1,0
BRDA:499,57,0,0
BRDA:499,57,1,0
BRDA:499,58,0,0
BRDA:499,58,1,0
BRDA:561,59,0,0
BRDA:561,59,1,0
BRDA:613,60,0,0
BRDA:615,61,0,0
BRDA:615,61,1,0
BRDA:615,61,2,0
BRDA:615,61,3,0
BRDA:615,61,4,0
BRDA:615,61,5,0
BRF:109
BRH:0
end_of_record
TN:
SF:src/services/DailyFinancialSummaryService.ts
FN:66,(anonymous_0)
FN:68,(anonymous_1)
FN:78,(anonymous_2)
FN:118,(anonymous_3)
FN:151,(anonymous_4)
FN:171,(anonymous_5)
FN:178,(anonymous_6)
FN:187,(anonymous_7)
FN:190,(anonymous_8)
FN:199,(anonymous_9)
FN:211,(anonymous_10)
FN:246,(anonymous_11)
FN:251,(anonymous_12)
FN:252,(anonymous_13)
FN:256,(anonymous_14)
FN:263,(anonymous_15)
FN:285,(anonymous_16)
FN:311,(anonymous_17)
FN:319,(anonymous_18)
FN:320,(anonymous_19)
FN:329,(anonymous_20)
FN:337,(anonymous_21)
FN:346,(anonymous_22)
FN:363,(anonymous_23)
FN:382,(anonymous_24)
FN:394,(anonymous_25)
FN:395,(anonymous_26)
FN:396,(anonymous_27)
FN:400,(anonymous_28)
FN:406,(anonymous_29)
FN:411,(anonymous_30)
FN:422,(anonymous_31)
FN:432,(anonymous_32)
FN:441,(anonymous_33)
FN:450,(anonymous_34)
FN:476,(anonymous_35)
FNF:36
FNH:0
FNDA:0,(anonymous_0)
FNDA:0,(anonymous_1)
FNDA:0,(anonymous_2)
FNDA:0,(anonymous_3)
FNDA:0,(anonymous_4)
FNDA:0,(anonymous_5)
FNDA:0,(anonymous_6)
FNDA:0,(anonymous_7)
FNDA:0,(anonymous_8)
FNDA:0,(anonymous_9)
FNDA:0,(anonymous_10)
FNDA:0,(anonymous_11)
FNDA:0,(anonymous_12)
FNDA:0,(anonymous_13)
FNDA:0,(anonymous_14)
FNDA:0,(anonymous_15)
FNDA:0,(anonymous_16)
FNDA:0,(anonymous_17)
FNDA:0,(anonymous_18)
FNDA:0,(anonymous_19)
FNDA:0,(anonymous_20)
FNDA:0,(anonymous_21)
FNDA:0,(anonymous_22)
FNDA:0,(anonymous_23)
FNDA:0,(anonymous_24)
FNDA:0,(anonymous_25)
FNDA:0,(anonymous_26)
FNDA:0,(anonymous_27)
FNDA:0,(anonymous_28)
FNDA:0,(anonymous_29)
FNDA:0,(anonymous_30)
FNDA:0,(anonymous_31)
FNDA:0,(anonymous_32)
FNDA:0,(anonymous_33)
FNDA:0,(anonymous_34)
FNDA:0,(anonymous_35)
DA:69,0
DA:70,0
DA:72,0
DA:79,0
DA:80,0
DA:86,0
DA:89,0
DA:92,0
DA:95,0
DA:98,0
DA:100,0
DA:110,0
DA:111,0
DA:119,0
DA:120,0
DA:121,0
DA:123,0
DA:128,0
DA:129,0
DA:130,0
DA:131,0
DA:132,0
DA:134,0
DA:143,0
DA:144,0
DA:157,0
DA:172,0
DA:173,0
DA:174,0
DA:175,0
DA:177,0
DA:178,0
DA:179,0
DA:182,0
DA:183,0
DA:188,0
DA:189,0
DA:190,0
DA:191,0
DA:194,0
DA:195,0
DA:200,0
DA:201,0
DA:209,0
DA:210,0
DA:211,0
DA:214,0
DA:215,0
DA:217,0
DA:218,0
DA:219,0
DA:220,0
DA:221,0
DA:229,0
DA:236,0
DA:237,0
DA:247,0
DA:248,0
DA:249,0
DA:251,0
DA:252,0
DA:255,0
DA:256,0
DA:257,0
DA:258,0
DA:261,0
DA:262,0
DA:263,0
DA:264,0
DA:265,0
DA:266,0
DA:270,0
DA:276,0
DA:277,0
DA:286,0
DA:288,0
DA:290,0
DA:301,0
DA:302,0
DA:312,0
DA:314,0
DA:315,0
DA:316,0
DA:319,0
DA:320,0
DA:322,0
DA:323,0
DA:324,0
DA:325,0
DA:329,0
DA:330,0
DA:331,0
DA:334,0
DA:339,0
DA:347,0
DA:348,0
DA:355,0
DA:356,0
DA:357,0
DA:359,0
DA:360,0
DA:364,0
DA:373,0
DA:374,0
DA:375,0
DA:376,0
DA:379,0
DA:384,0
DA:395,0
DA:396,0
DA:399,0
DA:400,0
DA:401,0
DA:402,0
DA:405,0
DA:406,0
DA:411,0
DA:414,0
DA:423,0
DA:425,0
DA:426,0
DA:427,0
DA:429,0
DA:433,0
DA:442,0
DA:451,0
DA:477,0
DA:500,0
LF:128
LH:0
BRDA:69,0,0,0
BRDA:69,0,1,0
BRDA:179,1,0,0
BRDA:179,1,1,0
BRDA:191,2,0,0
BRDA:191,2,1,0
BRDA:200,3,0,0
BRDA:200,3,1,0
BRDA:219,4,0,0
BRDA:219,4,1,0
BRDA:219,5,0,0
BRDA:219,5,1,0
BRDA:257,6,0,0
BRDA:257,6,1,0
BRDA:264,7,0,0
BRDA:264,7,1,0
BRDA:291,8,0,0
BRDA:291,8,1,0
BRDA:293,9,0,0
BRDA:293,9,1,0
BRDA:314,10,0,0
BRDA:314,10,1,0
BRDA:322,11,0,0
BRDA:322,11,1,0
BRDA:324,12,0,0
BRDA:324,12,1,0
BRDA:330,13,0,0
BRDA:330,13,1,0
BRDA:355,14,0,0
BRDA:355,14,1,0
BRDA:356,15,0,0
BRDA:356,15,1,0
BRDA:373,16,0,0
BRDA:373,16,1,0
BRDA:375,17,0,0
BRDA:375,17,1,0
BRDA:401,18,0,0
BRDA:401,18,1,0
BRF:38
BRH:0
end_of_record
TN:
SF:src/services/DataAggregationService.ts
FN:84,(anonymous_0)
FN:86,(anonymous_1)
FN:96,(anonymous_2)
FN:123,(anonymous_3)
FN:153,(anonymous_4)
FN:170,(anonymous_5)
FN:187,(anonymous_6)
FN:204,(anonymous_7)
FN:227,(anonymous_8)
FN:265,(anonymous_9)
FN:274,(anonymous_10)
FN:275,(anonymous_11)
FN:309,(anonymous_12)
FN:322,(anonymous_13)
FN:368,(anonymous_14)
FN:376,(anonymous_15)
FN:427,(anonymous_16)
FN:469,(anonymous_17)
FN:471,(anonymous_18)
FN:513,(anonymous_19)
FN:570,(anonymous_20)
FN:580,(anonymous_21)
FN:581,(anonymous_22)
FN:589,(anonymous_23)
FN:591,(anonymous_24)
FN:592,(anonymous_25)
FN:595,(anonymous_26)
FN:598,(anonymous_27)
FN:599,(anonymous_28)
FN:603,(anonymous_29)
FN:608,(anonymous_30)
FN:611,(anonymous_31)
FN:619,(anonymous_32)
FN:620,(anonymous_33)
FN:634,(anonymous_34)
FN:637,(anonymous_35)
FN:647,(anonymous_36)
FN:648,(anonymous_37)
FN:680,(anonymous_38)
FN:686,(anonymous_39)
FN:706,(anonymous_40)
FN:707,(anonymous_41)
FN:728,(anonymous_42)
FN:734,(anonymous_43)
FN:735,(anonymous_44)
FN:738,(anonymous_45)
FN:739,(anonymous_46)
FN:774,(anonymous_47)
FN:777,(anonymous_48)
FN:781,(anonymous_49)
FN:786,(anonymous_50)
FN:790,(anonymous_51)
FN:794,(anonymous_52)
FN:796,(anonymous_53)
FN:797,(anonymous_54)
FN:803,(anonymous_55)
FN:810,(anonymous_56)
FN:812,(anonymous_57)
FN:813,(anonymous_58)
FN:818,(anonymous_59)
FN:822,(anonymous_60)
FN:826,(anonymous_61)
FN:828,(anonymous_62)
FN:829,(anonymous_63)
FN:835,(anonymous_64)
FN:836,(anonymous_65)
FN:845,(anonymous_66)
FN:846,(anonymous_67)
FN:847,(anonymous_68)
FN:849,(anonymous_69)
FN:855,(anonymous_70)
FNF:71
FNH:0
FNDA:0,(anonymous_0)
FNDA:0,(anonymous_1)
FNDA:0,(anonymous_2)
FNDA:0,(anonymous_3)
FNDA:0,(anonymous_4)
FNDA:0,(anonymous_5)
FNDA:0,(anonymous_6)
FNDA:0,(anonymous_7)
FNDA:0,(anonymous_8)
FNDA:0,(anonymous_9)
FNDA:0,(anonymous_10)
FNDA:0,(anonymous_11)
FNDA:0,(anonymous_12)
FNDA:0,(anonymous_13)
FNDA:0,(anonymous_14)
FNDA:0,(anonymous_15)
FNDA:0,(anonymous_16)
FNDA:0,(anonymous_17)
FNDA:0,(anonymous_18)
FNDA:0,(anonymous_19)
FNDA:0,(anonymous_20)
FNDA:0,(anonymous_21)
FNDA:0,(anonymous_22)
FNDA:0,(anonymous_23)
FNDA:0,(anonymous_24)
FNDA:0,(anonymous_25)
FNDA:0,(anonymous_26)
FNDA:0,(anonymous_27)
FNDA:0,(anonymous_28)
FNDA:0,(anonymous_29)
FNDA:0,(anonymous_30)
FNDA:0,(anonymous_31)
FNDA:0,(anonymous_32)
FNDA:0,(anonymous_33)
FNDA:0,(anonymous_34)
FNDA:0,(anonymous_35)
FNDA:0,(anonymous_36)
FNDA:0,(anonymous_37)
FNDA:0,(anonymous_38)
FNDA:0,(anonymous_39)
FNDA:0,(anonymous_40)
FNDA:0,(anonymous_41)
FNDA:0,(anonymous_42)
FNDA:0,(anonymous_43)
FNDA:0,(anonymous_44)
FNDA:0,(anonymous_45)
FNDA:0,(anonymous_46)
FNDA:0,(anonymous_47)
FNDA:0,(anonymous_48)
FNDA:0,(anonymous_49)
FNDA:0,(anonymous_50)
FNDA:0,(anonymous_51)
FNDA:0,(anonymous_52)
FNDA:0,(anonymous_53)
FNDA:0,(anonymous_54)
FNDA:0,(anonymous_55)
FNDA:0,(anonymous_56)
FNDA:0,(anonymous_57)
FNDA:0,(anonymous_58)
FNDA:0,(anonymous_59)
FNDA:0,(anonymous_60)
FNDA:0,(anonymous_61)
FNDA:0,(anonymous_62)
FNDA:0,(anonymous_63)
FNDA:0,(anonymous_64)
FNDA:0,(anonymous_65)
FNDA:0,(anonymous_66)
FNDA:0,(anonymous_67)
FNDA:0,(anonymous_68)
FNDA:0,(anonymous_69)
FNDA:0,(anonymous_70)
DA:87,0
DA:88,0
DA:90,0
DA:101,0
DA:102,0
DA:103,0
DA:105,0
DA:106,0
DA:107,0
DA:109,0
DA:115,0
DA:121,0
DA:122,0
DA:123,0
DA:126,0
DA:137,0
DA:142,0
DA:158,0
DA:164,0
DA:175,0
DA:181,0
DA:192,0
DA:198,0
DA:209,0
DA:210,0
DA:211,0
DA:214,0
DA:215,0
DA:217,0
DA:218,0
DA:220,0
DA:226,0
DA:227,0
DA:230,0
DA:236,0
DA:242,0
DA:249,0
DA:254,0
DA:270,0
DA:271,0
DA:272,0
DA:274,0
DA:275,0
DA:276,0
DA:279,0
DA:280,0
DA:281,0
DA:283,0
DA:293,0
DA:298,0
DA:314,0
DA:315,0
DA:316,0
DA:318,0
DA:320,0
DA:321,0
DA:322,0
DA:323,0
DA:326,0
DA:327,0
DA:330,0
DA:336,0
DA:340,0
DA:352,0
DA:357,0
DA:373,0
DA:375,0
DA:376,0
DA:378,0
DA:379,0
DA:381,0
DA:382,0
DA:383,0
DA:386,0
DA:387,0
DA:390,0
DA:393,0
DA:396,0
DA:397,0
DA:399,0
DA:411,0
DA:416,0
DA:449,0
DA:450,0
DA:451,0
DA:453,0
DA:454,0
DA:460,0
DA:461,0
DA:464,0
DA:465,0
DA:466,0
DA:469,0
DA:470,0
DA:471,0
DA:473,0
DA:474,0
DA:475,0
DA:479,0
DA:489,0
DA:503,0
DA:514,0
DA:515,0
DA:517,0
DA:518,0
DA:525,0
DA:527,0
DA:528,0
DA:534,0
DA:535,0
DA:541,0
DA:542,0
DA:548,0
DA:549,0
DA:555,0
DA:556,0
DA:562,0
DA:571,0
DA:573,0
DA:581,0
DA:582,0
DA:590,0
DA:591,0
DA:592,0
DA:596,0
DA:598,0
DA:599,0
DA:608,0
DA:609,0
DA:611,0
DA:612,0
DA:613,0
DA:619,0
DA:620,0
DA:621,0
DA:623,0
DA:634,0
DA:642,0
DA:647,0
DA:648,0
DA:649,0
DA:652,0
DA:653,0
DA:654,0
DA:655,0
DA:658,0
DA:663,0
DA:665,0
DA:681,0
DA:682,0
DA:683,0
DA:691,0
DA:692,0
DA:694,0
DA:700,0
DA:706,0
DA:707,0
DA:708,0
DA:709,0
DA:710,0
DA:712,0
DA:713,0
DA:714,0
DA:717,0
DA:733,0
DA:735,0
DA:736,0
DA:739,0
DA:740,0
DA:741,0
DA:742,0
DA:743,0
DA:745,0
DA:746,0
DA:747,0
DA:748,0
DA:749,0
DA:750,0
DA:751,0
DA:754,0
DA:755,0
DA:756,0
DA:758,0
DA:775,0
DA:777,0
DA:778,0
DA:781,0
DA:782,0
DA:783,0
DA:786,0
DA:787,0
DA:790,0
DA:791,0
DA:795,0
DA:796,0
DA:798,0
DA:799,0
DA:800,0
DA:803,0
DA:804,0
DA:807,0
DA:811,0
DA:812,0
DA:814,0
DA:815,0
DA:818,0
DA:819,0
DA:822,0
DA:823,0
DA:827,0
DA:828,0
DA:829,0
DA:830,0
DA:835,0
DA:836,0
DA:838,0
DA:839,0
DA:841,0
DA:842,0
DA:846,0
DA:847,0
DA:848,0
DA:849,0
DA:853,0
DA:855,0
DA:860,0
LF:226
LH:0
BRDA:87,0,0,0
BRDA:87,0,1,0
BRDA:145,1,0,0
BRDA:145,1,1,0
BRDA:156,2,0,0
BRDA:173,3,0,0
BRDA:190,4,0,0
BRDA:257,5,0,0
BRDA:257,5,1,0
BRDA:301,6,0,0
BRDA:301,6,1,0
BRDA:336,7,0,0
BRDA:336,7,1,0
BRDA:360,8,0,0
BRDA:360,8,1,0
BRDA:371,9,0,0
BRDA:396,10,0,0
BRDA:396,10,1,0
BRDA:397,11,0,0
BRDA:397,11,1,0
BRDA:419,12,0,0
BRDA:419,12,1,0
BRDA:453,13,0,0
BRDA:453,13,1,0
BRDA:453,14,0,0
BRDA:453,14,1,0
BRDA:473,15,0,0
BRDA:473,15,1,0
BRDA:475,16,0,0
BRDA:475,16,1,0
BRDA:506,17,0,0
BRDA:506,17,1,0
BRDA:515,18,0,0
BRDA:515,18,1,0
BRDA:517,19,0,0
BRDA:517,19,1,0
BRDA:517,20,0,0
BRDA:517,20,1,0
BRDA:521,21,0,0
BRDA:521,21,1,0
BRDA:525,22,0,0
BRDA:525,22,1,0
BRDA:525,22,2,0
BRDA:525,22,3,0
BRDA:525,22,4,0
BRDA:525,22,5,0
BRDA:612,23,0,0
BRDA:612,23,1,0
BRDA:620,24,0,0
BRDA:620,24,1,0
BRDA:621,25,0,0
BRDA:621,25,1,0
BRDA:625,26,0,0
BRDA:625,26,1,0
BRDA:626,27,0,0
BRDA:626,27,1,0
BRDA:631,28,0,0
BRDA:631,28,1,0
BRDA:655,29,0,0
BRDA:655,29,1,0
BRDA:663,30,0,0
BRDA:663,30,1,0
BRDA:683,31,0,0
BRDA:683,31,1,0
BRDA:708,32,0,0
BRDA:708,32,1,0
BRDA:710,33,0,0
BRDA:710,33,1,0
BRDA:713,34,0,0
BRDA:713,34,1,0
BRDA:714,35,0,0
BRDA:714,35,1,0
BRDA:746,36,0,0
BRDA:746,36,1,0
BRDA:748,37,0,0
BRDA:748,37,1,0
BRDA:750,38,0,0
BRDA:750,38,1,0
BRDA:767,39,0,0
BRDA:767,39,1,0
BRDA:775,40,0,0
BRDA:775,40,1,0
BRDA:778,41,0,0
BRDA:778,41,1,0
BRDA:782,42,0,0
BRDA:782,42,1,0
BRDA:787,43,0,0
BRDA:787,43,1,0
BRDA:790,44,0,0
BRDA:790,44,1,0
BRDA:791,45,0,0
BRDA:791,45,1,0
BRDA:799,46,0,0
BRDA:799,46,1,0
BRDA:804,47,0,0
BRDA:804,47,1,0
BRDA:814,48,0,0
BRDA:814,48,1,0
BRDA:819,49,0,0
BRDA:819,49,1,0
BRDA:822,50,0,0
BRDA:822,50,1,0
BRDA:823,51,0,0
BRDA:823,51,1,0
BRDA:828,52,0,0
BRDA:828,52,1,0
BRDA:830,53,0,0
BRDA:830,53,1,0
BRDA:830,53,2,0
BRDA:839,54,0,0
BRDA:839,54,1,0
BRDA:841,55,0,0
BRDA:841,55,1,0
BRDA:842,56,0,0
BRDA:842,56,1,0
BRF:115
BRH:0
end_of_record
TN:
SF:src/services/EnhancedCategoryService.ts
FN:113,(anonymous_0)
FN:115,(anonymous_1)
FN:125,(anonymous_2)
FN:139,(anonymous_3)
FN:170,(anonymous_4)
FN:177,(anonymous_5)
FN:185,(anonymous_6)
FN:189,(anonymous_7)
FN:193,(anonymous_8)
FN:251,(anonymous_9)
FN:269,(anonymous_10)
FN:279,(anonymous_11)
FN:281,(anonymous_12)
FN:284,(anonymous_13)
FN:285,(anonymous_14)
FN:286,(anonymous_15)
FN:317,(anonymous_16)
FN:321,(anonymous_17)
FN:352,(anonymous_18)
FN:371,(anonymous_19)
FN:403,(anonymous_20)
FN:419,(anonymous_21)
FN:430,(anonymous_22)
FN:454,(anonymous_23)
FN:468,(anonymous_24)
FN:494,(anonymous_25)
FN:505,(anonymous_26)
FN:506,(anonymous_27)
FN:525,(anonymous_28)
FN:569,(anonymous_29)
FN:576,(anonymous_30)
FN:583,(anonymous_31)
FN:587,(anonymous_32)
FN:590,(anonymous_33)
FN:598,(anonymous_34)
FN:632,(anonymous_35)
FN:665,(anonymous_36)
FN:668,(anonymous_37)
FN:686,(anonymous_38)
FN:693,(anonymous_39)
FN:700,(anonymous_40)
FNF:41
FNH:0
FNDA:0,(anonymous_0)
FNDA:0,(anonymous_1)
FNDA:0,(anonymous_2)
FNDA:0,(anonymous_3)
FNDA:0,(anonymous_4)
FNDA:0,(anonymous_5)
FNDA:0,(anonymous_6)
FNDA:0,(anonymous_7)
FNDA:0,(anonymous_8)
FNDA:0,(anonymous_9)
FNDA:0,(anonymous_10)
FNDA:0,(anonymous_11)
FNDA:0,(anonymous_12)
FNDA:0,(anonymous_13)
FNDA:0,(anonymous_14)
FNDA:0,(anonymous_15)
FNDA:0,(anonymous_16)
FNDA:0,(anonymous_17)
FNDA:0,(anonymous_18)
FNDA:0,(anonymous_19)
FNDA:0,(anonymous_20)
FNDA:0,(anonymous_21)
FNDA:0,(anonymous_22)
FNDA:0,(anonymous_23)
FNDA:0,(anonymous_24)
FNDA:0,(anonymous_25)
FNDA:0,(anonymous_26)
FNDA:0,(anonymous_27)
FNDA:0,(anonymous_28)
FNDA:0,(anonymous_29)
FNDA:0,(anonymous_30)
FNDA:0,(anonymous_31)
FNDA:0,(anonymous_32)
FNDA:0,(anonymous_33)
FNDA:0,(anonymous_34)
FNDA:0,(anonymous_35)
FNDA:0,(anonymous_36)
FNDA:0,(anonymous_37)
FNDA:0,(anonymous_38)
FNDA:0,(anonymous_39)
FNDA:0,(anonymous_40)
DA:60,0
DA:116,0
DA:117,0
DA:119,0
DA:129,0
DA:131,0
DA:134,0
DA:135,0
DA:136,0
DA:139,0
DA:143,0
DA:146,0
DA:147,0
DA:151,0
DA:153,0
DA:159,0
DA:174,0
DA:176,0
DA:177,0
DA:180,0
DA:182,0
DA:184,0
DA:185,0
DA:186,0
DA:189,0
DA:190,0
DA:191,0
DA:192,0
DA:193,0
DA:197,0
DA:198,0
DA:202,0
[...]
DA:332,0
DA:333,0
DA:334,0
DA:335,0
DA:336,0
DA:337,0
DA:338,0
DA:342,0
DA:348,0
DA:349,0
DA:350,0
DA:351,0
DA:352,0
DA:353,0
DA:354,0
DA:355,0
DA:356,0
DA:359,0
DA:365,0
DA:366,0
DA:367,0
DA:368,0
DA:369,0
DA:370,0
DA:371,0
DA:372,0
DA:373,0
DA:376,0
DA:382,0
DA:383,0
DA:387,0
DA:390,0
DA:403,0
DA:405,0
DA:406,0
DA:407,0
DA:409,0
DA:414,0
DA:417,0
DA:418,0
DA:421,0
DA:422,0
DA:425,0
DA:428,0
DA:429,0
DA:430,0
DA:435,0
DA:443,0
DA:444,0
DA:445,0
DA:447,0
DA:451,0
DA:456,0
DA:457,0
DA:458,0
DA:460,0
DA:461,0
DA:462,0
DA:464,0
DA:465,0
DA:466,0
DA:469,0
DA:470,0
DA:474,0
DA:475,0
DA:476,0
DA:477,0
DA:478,0
DA:480,0
DA:484,0
DA:486,0
DA:488,0
DA:489,0
DA:500,0
DA:501,0
DA:502,0
DA:503,0
DA:515,0
DA:525,0
DA:529,0
DA:532,0
DA:533,0
DA:534,0
DA:536,0
DA:537,0
DA:539,0
DA:540,0
DA:541,0
DA:551,0
DA:552,0
DA:564,0
DA:568,0
DA:570,0
DA:571,0
DA:572,0
DA:573,0
DA:574,0
DA:575,0
DA:584,0
DA:589,0
DA:593,0
DA:595,0
DA:596,0
DA:597,0
DA:599,0
DA:600,0
DA:601,0
DA:604,0
DA:605,0
DA:606,0
DA:609,0
DA:610,0
DA:611,0
DA:614,0
DA:619,0
DA:621,0
DA:622,0
DA:624,0
DA:625,0
DA:627,0
DA:628,0
DA:630,0
DA:636,0
DA:637,0
DA:638,0
DA:639,0
DA:641,0
DA:647,0
DA:652,0
DA:657,0
DA:658,0
DA:659,0
DA:660,0
DA:662,0
DA:667,0
DA:668,0
DA:672,0
DA:673,0
DA:674,0
DA:676,0
DA:681,0
DA:682,0
DA:683,0
DA:685,0
DA:691,0
DA:697,0
DA:698,0
DA:699,0
DA:700,0
DA:701,0
DA:702,0
DA:704,0
DA:705,0
DA:709,0
LF:240
LH:0
BRDA:68,0,0,0
BRDA:68,0,1,0
BRDA:87,1,0,0
BRDA:87,1,1,0
BRDA:93,2,0,0
BRDA:93,2,1,0
BRDA:108,3,0,0
BRDA:108,3,1,0
BRDA:173,4,0,0
BRDA:173,4,1,0
BRDA:224,5,0,0
BRDA:224,5,1,0
BRDA:255,6,0,0
BRDA:255,6,1,0
BRDA:282,7,0,0
BRDA:282,7,1,0
BRDA:303,8,0,0
BRDA:314,9,0,0
BRDA:315,10,0,0
BRDA:316,11,0,0
BRDA:317,12,0,0
BRDA:329,13,0,0
BRDA:329,13,1,0
BRDA:333,14,0,0
BRDA:333,14,1,0
BRDA:335,15,0,0
BRDA:335,15,1,0
BRDA:335,16,0,0
BRDA:335,16,1,0
BRDA:348,17,0,0
BRDA:348,17,1,0
BRDA:353,18,0,0
BRDA:353,18,1,0
BRDA:365,19,0,0
BRDA:365,19,1,0
BRDA:370,20,0,0
BRDA:370,20,1,0
BRDA:382,21,0,0
BRDA:382,21,1,0
BRDA:407,22,0,0
BRDA:407,22,1,0
BRDA:407,22,2,0
BRDA:407,22,3,0
BRDA:429,23,0,0
BRDA:429,23,1,0
BRDA:438,24,0,0
BRDA:438,24,1,0
BRDA:461,25,0,0
BRDA:461,25,1,0
BRDA:461,26,0,0
BRDA:461,26,1,0
BRDA:488,27,0,0
BRDA:488,27,1,0
BRDA:488,28,0,0
BRDA:488,28,1,0
BRDA:500,29,0,0
BRDA:500,29,1,0
BRDA:502,30,0,0
BRDA:502,30,1,0
BRDA:502,31,0,0
BRDA:502,31,1,0
BRDA:532,32,0,0
BRDA:532,32,1,0
BRDA:532,33,0,0
BRDA:532,33,1,0
BRDA:533,34,0,0
BRDA:533,34,1,0
BRDA:534,35,0,0
BRDA:534,35,1,0
BRDA:540,36,0,0
BRDA:540,36,1,0
BRDA:540,37,0,0
BRDA:540,37,1,0
BRDA:551,38,0,0
BRDA:551,38,1,0
BRDA:551,39,0,0
BRDA:551,39,1,0
BRDA:570,40,0,0
BRDA:570,40,1,0
BRDA:573,41,0,0
BRDA:573,41,1,0
BRDA:574,42,0,0
BRDA:574,42,1,0
BRDA:599,43,0,0
BRDA:599,43,1,0
BRDA:604,44,0,0
BRDA:604,44,1,0
BRDA:609,45,0,0
BRDA:609,45,1,0
BRDA:619,46,0,0
BRDA:619,46,1,0
BRDA:619,46,2,0
BRDA:619,46,3,0
BRDA:637,47,0,0
BRDA:637,47,1,0
BRDA:674,48,0,0
BRDA:674,48,1,0
BRDA:683,49,0,0
BRDA:683,49,1,0
BRDA:700,50,0,0
BRDA:700,50,1,0
BRDA:704,51,0,0
BRDA:704,51,1,0
BRF:103
BRH:0
end_of_record
TN:
SF:src/services/storage/TransactionService.ts
FN:21,(anonymous_0)
FN:28,(anonymous_1)
FN:110,(anonymous_2)
FN:122,(anonymous_3)
FN:134,(anonymous_4)
FN:136,(anonymous_5)
FN:144,(anonymous_6)
FN:146,(anonymous_7)
FN:152,(anonymous_8)
FN:154,(anonymous_9)
FN:160,(anonymous_10)
FN:162,(anonymous_11)
FN:168,(anonymous_12)
FN:171,(anonymous_13)
FN:178,(anonymous_14)
FN:182,(anonymous_15)
FN:183,(anonymous_16)
FN:186,(anonymous_17)
FN:187,(anonymous_18)
FN:192,(anonymous_19)
FN:193,(anonymous_20)
FN:202,(anonymous_21)
FN:214,(anonymous_22)
FN:238,(anonymous_23)
FN:242,(anonymous_24)
FN:272,(anonymous_25)
FN:278,(anonymous_26)
FN:280,(anonymous_27)
FN:286,(anonymous_28)
FN:288,(anonymous_29)
FN:294,(anonymous_30)
FN:302,(anonymous_31)
FN:307,(anonymous_32)
FN:313,(anonymous_33)
FN:326,(anonymous_34)
FN:327,(anonymous_35)
FN:329,(anonymous_36)
FN:330,(anonymous_37)
FN:346,(anonymous_38)
FN:348,(anonymous_39)
FN:358,(anonymous_40)
FN:359,(anonymous_41)
FN:370,(anonymous_42)
FNF:43
FNH:0
FNDA:0,(anonymous_0)
FNDA:0,(anonymous_1)
FNDA:0,(anonymous_2)
FNDA:0,(anonymous_3)
FNDA:0,(anonymous_4)
FNDA:0,(anonymous_5)
FNDA:0,(anonymous_6)
FNDA:0,(anonymous_7)
FNDA:0,(anonymous_8)
FNDA:0,(anonymous_9)
FNDA:0,(anonymous_10)
FNDA:0,(anonymous_11)
FNDA:0,(anonymous_12)
FNDA:0,(anonymous_13)
FNDA:0,(anonymous_14)
FNDA:0,(anonymous_15)
FNDA:0,(anonymous_16)
FNDA:0,(anonymous_17)
FNDA:0,(anonymous_18)
FNDA:0,(anonymous_19)
FNDA:0,(anonymous_20)
FNDA:0,(anonymous_21)
FNDA:0,(anonymous_22)
FNDA:0,(anonymous_23)
FNDA:0,(anonymous_24)
FNDA:0,(anonymous_25)
FNDA:0,(anonymous_26)
FNDA:0,(anonymous_27)
FNDA:0,(anonymous_28)
FNDA:0,(anonymous_29)
FNDA:0,(anonymous_30)
FNDA:0,(anonymous_31)
FNDA:0,(anonymous_32)
FNDA:0,(anonymous_33)
FNDA:0,(anonymous_34)
FNDA:0,(anonymous_35)
FNDA:0,(anonymous_36)
FNDA:0,(anonymous_37)
FNDA:0,(anonymous_38)
FNDA:0,(anonymous_39)
FNDA:0,(anonymous_40)
FNDA:0,(anonymous_41)
FNDA:0,(anonymous_42)
DA:22,0
DA:29,0
DA:32,0
DA:33,0
DA:39,0
DA:40,0
DA:48,0
DA:49,0
DA:55,0
DA:56,0
DA:64,0
DA:65,0
DA:73,0
DA:74,0
DA:82,0
DA:83,0
DA:91,0
DA:92,0
DA:100,0
DA:111,0
DA:123,0
DA:135,0
DA:136,0
DA:137,0
DA:145,0
DA:146,0
DA:153,0
DA:154,0
DA:161,0
DA:162,0
DA:169,0
DA:170,0
DA:171,0
DA:179,0
DA:181,0
DA:182,0
DA:183,0
DA:185,0
DA:186,0
DA:187,0
DA:190,0
DA:191,0
DA:192,0
DA:194,0
DA:195,0
DA:201,0
DA:202,0
DA:214,0
DA:217,0
DA:219,0
DA:223,0
DA:239,0
DA:240,0
DA:242,0
DA:243,0
DA:244,0
DA:256,0
DA:257,0
DA:259,0
DA:262,0
DA:263,0
DA:264,0
DA:265,0
DA:269,0
DA:272,0
DA:279,0
DA:280,0
DA:287,0
DA:288,0
DA:299,0
DA:301,0
DA:302,0
DA:303,0
DA:307,0
DA:320,0
DA:321,0
DA:322,0
DA:324,0
DA:325,0
DA:326,0
DA:327,0
DA:328,0
DA:329,0
DA:330,0
DA:332,0
DA:334,0
DA:347,0
DA:348,0
DA:349,0
DA:359,0
DA:360,0
DA:375,0
DA:377,0
DA:378,0
DA:379,0
DA:380,0
DA:382,0
DA:383,0
DA:387,0
DA:392,0
LF:100
LH:0
BRDA:32,0,0,0
BRDA:32,0,1,0
BRDA:39,1,0,0
BRDA:39,1,1,0
BRDA:48,2,0,0
BRDA:48,2,1,0
BRDA:55,3,0,0
BRDA:55,3,1,0
BRDA:64,4,0,0
BRDA:64,4,1,0
BRDA:73,5,0,0
BRDA:73,5,1,0
BRDA:73,6,0,0
BRDA:73,6,1,0
BRDA:82,7,0,0
BRDA:82,7,1,0
BRDA:82,8,0,0
BRDA:82,8,1,0
BRDA:91,9,0,0
BRDA:91,9,1,0
BRDA:127,10,0,0
BRDA:127,10,1,0
BRDA:168,11,0,0
BRDA:194,12,0,0
BRDA:194,12,1,0
BRDA:207,13,0,0
BRDA:207,13,1,0
BRDA:229,14,0,0
BRDA:229,14,1,0
BRDA:244,15,0,0
BRDA:244,15,1,0
BRDA:256,16,0,0
BRDA:256,16,1,0
BRDA:265,17,0,0
BRDA:265,17,1,0
BRDA:301,18,0,0
BRDA:301,18,1,0
BRDA:301,19,0,0
BRDA:301,19,1,0
BRDA:349,20,0,0
BRDA:349,20,1,0
BRDA:349,20,2,0
BRDA:383,21,0,0
BRDA:383,21,1,0
BRF:44
BRH:0
end_of_record
TN:
SF:src/services/storage/TransactionStorage.ts
FN:68,(anonymous_0)
FN:75,(anonymous_1)
FN:85,(anonymous_2)
FN:89,(anonymous_3)
FN:109,(anonymous_4)
FN:118,(anonymous_5)
FN:132,(anonymous_6)
FN:190,(anonymous_7)
FN:195,(anonymous_8)
FN:199,(anonymous_9)
FN:203,(anonymous_10)
FN:209,(anonymous_11)
FN:212,(anonymous_12)
FN:217,(anonymous_13)
FN:224,(anonymous_14)
FN:234,(anonymous_15)
FN:264,(anonymous_16)
FN:266,(anonymous_17)
FN:275,(anonymous_18)
FN:277,(anonymous_19)
FN:283,(anonymous_20)
FN:285,(anonymous_21)
FN:291,(anonymous_22)
FN:294,(anonymous_23)
FN:295,(anonymous_24)
FN:297,(anonymous_25)
FN:298,(anonymous_26)
FN:303,(anonymous_27)
FN:321,(anonymous_28)
FN:327,(anonymous_29)
FN:356,(anonymous_30)
FN:360,(anonymous_31)
FN:379,(anonymous_32)
FN:386,(anonymous_33)
FN:401,(anonymous_34)
FN:407,(anonymous_35)
FN:415,(anonymous_36)
FN:417,(anonymous_37)
FN:428,(anonymous_38)
FN:430,(anonymous_39)
FN:461,(anonymous_40)
FN:465,(anonymous_41)
FN:474,(anonymous_42)
FN:483,(anonymous_43)
FN:485,(anonymous_44)
FN:491,(anonymous_45)
FN:492,(anonymous_46)
FN:501,(anonymous_47)
FNF:48
FNH:0
FNDA:0,(anonymous_0)
FNDA:0,(anonymous_1)
FNDA:0,(anonymous_2)
FNDA:0,(anonymous_3)
FNDA:0,(anonymous_4)
FNDA:0,(anonymous_5)
FNDA:0,(anonymous_6)
FNDA:0,(anonymous_7)
FNDA:0,(anonymous_8)
FNDA:0,(anonymous_9)
FNDA:0,(anonymous_10)
FNDA:0,(anonymous_11)
FNDA:0,(anonymous_12)
FNDA:0,(anonymous_13)
FNDA:0,(anonymous_14)
FNDA:0,(anonymous_15)
FNDA:0,(anonymous_16)
FNDA:0,(anonymous_17)
FNDA:0,(anonymous_18)
FNDA:0,(anonymous_19)
FNDA:0,(anonymous_20)
FNDA:0,(anonymous_21)
FNDA:0,(anonymous_22)
FNDA:0,(anonymous_23)
FNDA:0,(anonymous_24)
FNDA:0,(anonymous_25)
FNDA:0,(anonymous_26)
FNDA:0,(anonymous_27)
FNDA:0,(anonymous_28)
FNDA:0,(anonymous_29)
FNDA:0,(anonymous_30)
FNDA:0,(anonymous_31)
FNDA:0,(anonymous_32)
FNDA:0,(anonymous_33)
FNDA:0,(anonymous_34)
FNDA:0,(anonymous_35)
FNDA:0,(anonymous_36)
FNDA:0,(anonymous_37)
FNDA:0,(anonymous_38)
FNDA:0,(anonymous_39)
FNDA:0,(anonymous_40)
FNDA:0,(anonymous_41)
FNDA:0,(anonymous_42)
FNDA:0,(anonymous_43)
FNDA:0,(anonymous_44)
FNDA:0,(anonymous_45)
FNDA:0,(anonymous_46)
FNDA:0,(anonymous_47)
DA:66,0
DA:69,0
DA:76,0
DA:77,0
DA:79,0
DA:87,0
DA:88,0
DA:89,0
DA:93,0
DA:94,0
DA:95,0
DA:98,0
DA:101,0
DA:103,0
DA:110,0
DA:111,0
DA:112,0
DA:115,0
DA:116,0
DA:117,0
DA:118,0
DA:121,0
DA:124,0
DA:126,0
DA:139,0
DA:140,0
DA:141,0
DA:143,0
DA:144,0
DA:145,0
DA:147,0
DA:148,0
DA:149,0
DA:150,0
DA:152,0
DA:155,0
DA:156,0
DA:160,0
DA:161,0
DA:163,0
DA:166,0
DA:167,0
DA:168,0
DA:169,0
DA:170,0
DA:172,0
DA:175,0
DA:180,0
DA:184,0
DA:191,0
DA:194,0
DA:195,0
DA:198,0
DA:199,0
DA:202,0
DA:203,0
DA:206,0
DA:207,0
DA:208,0
DA:209,0
DA:211,0
DA:212,0
DA:216,0
DA:217,0
DA:218,0
DA:223,0
DA:224,0
DA:225,0
DA:226,0
DA:232,0
DA:233,0
DA:234,0
DA:235,0
DA:241,0
DA:242,0
DA:243,0
DA:246,0
DA:247,0
DA:248,0
DA:249,0
DA:251,0
DA:265,0
DA:266,0
DA:267,0
DA:268,0
DA:276,0
DA:277,0
DA:284,0
DA:285,0
DA:292,0
DA:294,0
DA:295,0
DA:297,0
DA:298,0
DA:299,0
DA:302,0
DA:303,0
DA:304,0
DA:314,0
DA:315,0
DA:316,0
DA:319,0
DA:320,0
DA:321,0
DA:322,0
DA:326,0
DA:327,0
DA:328,0
DA:329,0
DA:331,0
DA:343,0
DA:344,0
DA:346,0
DA:348,0
DA:349,0
DA:350,0
DA:351,0
DA:353,0
DA:356,0
DA:359,0
DA:360,0
DA:363,0
DA:383,0
DA:384,0
DA:386,0
DA:387,0
DA:388,0
DA:389,0
DA:391,0
DA:402,0
DA:403,0
DA:406,0
DA:407,0
DA:408,0
DA:409,0
DA:410,0
DA:411,0
DA:415,0
DA:416,0
DA:417,0
DA:418,0
DA:420,0
DA:421,0
DA:422,0
DA:423,0
DA:424,0
DA:428,0
DA:429,0
DA:430,0
DA:432,0
DA:434,0
DA:435,0
DA:436,0
DA:437,0
DA:439,0
DA:440,0
DA:441,0
DA:443,0
DA:455,0
DA:462,0
DA:466,0
DA:475,0
DA:484,0
DA:485,0
DA:486,0
DA:492,0
DA:493,0
DA:494,0
DA:502,0
DA:504,0
DA:505,0
DA:513,0
DA:514,0
DA:522,0
DA:523,0
DA:531,0
DA:532,0
DA:540,0
DA:541,0
DA:549,0
DA:550,0
DA:558,0
LF:182
LH:0
BRDA:76,0,0,0
BRDA:76,0,1,0
BRDA:88,1,0,0
BRDA:88,1,1,0
BRDA:94,2,0,0
BRDA:94,2,1,0
BRDA:111,3,0,0
BRDA:111,3,1,0
BRDA:117,4,0,0
BRDA:117,4,1,0
BRDA:145,5,0,0
BRDA:145,5,1,0
BRDA:145,5,2,0
BRDA:147,6,0,0
BRDA:147,6,1,0
BRDA:155,7,0,0
BRDA:155,7,1,0
BRDA:155,8,0,0
BRDA:155,8,1,0
BRDA:166,9,0,0
BRDA:166,9,1,0
BRDA:169,10,0,0
BRDA:169,10,1,0
BRDA:194,11,0,0
BRDA:194,11,1,0
BRDA:194,12,0,0
BRDA:194,12,1,0
BRDA:198,13,0,0
BRDA:198,13,1,0
BRDA:198,14,0,0
BRDA:198,14,1,0
BRDA:202,15,0,0
BRDA:202,15,1,0
BRDA:202,16,0,0
BRDA:202,16,1,0
BRDA:206,17,0,0
BRDA:206,17,1,0
BRDA:208,18,0,0
BRDA:208,18,1,0
BRDA:211,19,0,0
BRDA:211,19,1,0
BRDA:216,20,0,0
BRDA:216,20,1,0
BRDA:218,21,0,0
BRDA:218,21,1,0
BRDA:223,22,0,0
BRDA:223,22,1,0
BRDA:226,23,0,0
BRDA:226,23,1,0
BRDA:232,24,0,0
BRDA:232,24,1,0
BRDA:235,25,0,0
BRDA:235,25,1,0
BRDA:241,26,0,0
BRDA:241,26,1,0
BRDA:242,27,0,0
BRDA:242,27,1,0
BRDA:247,28,0,0
BRDA:247,28,1,0
BRDA:248,29,0,0
BRDA:248,29,1,0
BRDA:268,30,0,0
BRDA:268,30,1,0
BRDA:304,31,0,0
BRDA:304,31,1,0
BRDA:322,32,0,0
BRDA:322,32,1,0
BRDA:331,33,0,0
BRDA:331,33,1,0
BRDA:343,34,0,0
BRDA:343,34,1,0
BRDA:351,35,0,0
BRDA:351,35,1,0
BRDA:368,36,0,0
BRDA:368,36,1,0
BRDA:381,37,0,0
BRDA:391,38,0,0
BRDA:391,38,1,0
BRDA:391,38,2,0
BRDA:391,38,3,0
BRDA:409,39,0,0
BRDA:409,39,1,0
BRDA:416,40,0,0
BRDA:416,40,1,0
BRDA:432,41,0,0
BRDA:432,41,1,0
BRDA:434,42,0,0
BRDA:434,42,1,0
BRDA:435,43,0,0
BRDA:435,43,1,0
BRDA:436,44,0,0
BRDA:436,44,1,0
BRDA:479,45,0,0
BRDA:479,45,1,0
BRDA:486,46,0,0
BRDA:486,46,1,0
BRDA:494,47,0,0
BRDA:494,47,1,0
BRDA:504,48,0,0
BRDA:504,48,1,0
BRDA:504,49,0,0
BRDA:504,49,1,0
BRDA:513,50,0,0
BRDA:513,50,1,0
BRDA:513,51,0,0
BRDA:513,51,1,0
BRDA:522,52,0,0
BRDA:522,52,1,0
BRDA:522,53,0,0
BRDA:522,53,1,0
BRDA:531,54,0,0
BRDA:531,54,1,0
BRDA:531,55,0,0
BRDA:531,55,1,0
BRDA:540,56,0,0
BRDA:540,56,1,0
BRDA:540,57,0,0
BRDA:540,57,1,0
BRDA:549,58,0,0
BRDA:549,58,1,0
BRDA:549,59,0,0
BRDA:549,59,1,0
BRF:122
BRH:0
end_of_record
TN:
SF:src/store/TransactionContext.tsx
FN:64,(anonymous_0)
FN:82,(anonymous_1)
FN:91,(anonymous_2)
FN:112,(anonymous_3)
FN:116,(anonymous_4)
FN:117,(anonymous_5)
FN:118,(anonymous_6)
FN:132,(anonymous_7)
FN:137,(anonymous_8)
FN:157,(anonymous_9)
FN:181,(anonymous_10)
FN:206,(anonymous_11)
FN:230,(anonymous_12)
FN:247,(anonymous_13)
FN:264,(anonymous_14)
FN:282,(anonymous_15)
FN:294,(anonymous_16)
FN:319,(anonymous_17)
FNF:18
FNH:0
FNDA:0,(anonymous_0)
FNDA:0,(anonymous_1)
FNDA:0,(anonymous_2)
FNDA:0,(anonymous_3)
FNDA:0,(anonymous_4)
FNDA:0,(anonymous_5)
FNDA:0,(anonymous_6)
FNDA:0,(anonymous_7)
FNDA:0,(anonymous_8)
FNDA:0,(anonymous_9)
FNDA:0,(anonymous_10)
FNDA:0,(anonymous_11)
FNDA:0,(anonymous_12)
FNDA:0,(anonymous_13)
FNDA:0,(anonymous_14)
FNDA:0,(anonymous_15)
FNDA:0,(anonymous_16)
FNDA:0,(anonymous_17)
DA:55,0
DA:64,0
DA:65,0
DA:67,0
DA:69,0
DA:71,0
DA:73,0
DA:80,0
DA:83,0
DA:89,0
DA:91,0
DA:96,0
DA:98,0
DA:100,0
DA:105,0
DA:112,0
DA:113,0
DA:116,0
DA:117,0
DA:118,0
DA:125,0
DA:128,0
DA:132,0
DA:133,0
DA:137,0
DA:138,0
DA:139,0
DA:140,0
DA:142,0
DA:143,0
DA:145,0
DA:147,0
DA:150,0
DA:157,0
DA:158,0
DA:159,0
DA:160,0
DA:162,0
DA:163,0
DA:165,0
DA:166,0
DA:168,0
DA:169,0
DA:172,0
DA:173,0
DA:174,0
DA:181,0
DA:182,0
DA:183,0
DA:184,0
DA:185,0
DA:187,0
DA:188,0
DA:190,0
DA:191,0
DA:193,0
DA:194,0
DA:197,0
DA:198,0
DA:199,0
DA:206,0
DA:207,0
DA:208,0
DA:209,0
DA:211,0
DA:212,0
DA:214,0
DA:215,0
DA:217,0
DA:218,0
DA:221,0
DA:222,0
DA:223,0
DA:230,0
DA:231,0
DA:232,0
DA:233,0
DA:234,0
DA:236,0
DA:237,0
DA:239,0
DA:243,0
DA:247,0
DA:248,0
DA:249,0
DA:250,0
DA:251,0
DA:253,0
DA:254,0
DA:256,0
DA:260,0
DA:264,0
DA:265,0
DA:266,0
DA:267,0
DA:268,0
DA:269,0
DA:271,0
DA:272,0
DA:274,0
DA:278,0
DA:282,0
DA:283,0
DA:284,0
DA:285,0
DA:286,0
DA:290,0
DA:294,0
DA:295,0
DA:298,0
DA:311,0
DA:319,0
DA:320,0
DA:321,0
DA:322,0
DA:324,0
LF:116
LH:0
BRDA:65,0,0,0
BRDA:65,0,1,0
BRDA:65,0,2,0
BRDA:65,0,3,0
BRDA:65,0,4,0
BRDA:65,0,5,0
BRDA:65,0,6,0
BRDA:65,0,7,0
BRDA:65,0,8,0
BRDA:83,1,0,0
BRDA:83,1,1,0
BRDA:142,2,0,0
BRDA:142,2,1,0
BRDA:142,3,0,0
BRDA:142,3,1,0
BRDA:147,4,0,0
BRDA:147,4,1,0
BRDA:152,5,0,0
BRDA:152,5,1,0
BRDA:162,6,0,0
BRDA:162,6,1,0
BRDA:162,7,0,0
BRDA:162,7,1,0
BRDA:168,8,0,0
BRDA:168,8,1,0
BRDA:172,9,0,0
BRDA:172,9,1,0
BRDA:187,10,0,0
BRDA:187,10,1,0
BRDA:187,11,0,0
BRDA:187,11,1,0
BRDA:193,12,0,0
BRDA:193,12,1,0
BRDA:197,13,0,0
BRDA:197,13,1,0
BRDA:211,14,0,0
BRDA:211,14,1,0
BRDA:217,15,0,0
BRDA:217,15,1,0
BRDA:221,16,0,0
BRDA:221,16,1,0
BRDA:233,17,0,0
BRDA:233,17,1,0
BRDA:233,18,0,0
BRDA:233,18,1,0
BRDA:236,19,0,0
BRDA:236,19,1,0
BRDA:241,20,0,0
BRDA:241,20,1,0
BRDA:250,21,0,0
BRDA:250,21,1,0
BRDA:250,22,0,0
BRDA:250,22,1,0
BRDA:253,23,0,0
BRDA:253,23,1,0
BRDA:258,24,0,0
BRDA:258,24,1,0
BRDA:268,25,0,0
BRDA:268,25,1,0
BRDA:268,26,0,0
BRDA:268,26,1,0
BRDA:271,27,0,0
BRDA:271,27,1,0
BRDA:276,28,0,0
BRDA:276,28,1,0
BRDA:285,29,0,0
BRDA:285,29,1,0
BRDA:285,30,0,0
BRDA:285,30,1,0
BRDA:321,31,0,0
BRDA:321,31,1,0
BRF:71
BRH:0
end_of_record
TN:
SF:src/utils/currencyUtils.ts
FN:16,(anonymous_0)
FN:39,(anonymous_1)
FN:53,(anonymous_2)
FN:60,(anonymous_3)
FN:70,(anonymous_4)
FN:85,(anonymous_5)
FN:109,(anonymous_6)
FN:117,(anonymous_7)
FN:136,(anonymous_8)
FN:144,(anonymous_9)
FN:145,(anonymous_10)
FN:149,(anonymous_11)
FN:150,(anonymous_12)
FN:163,(anonymous_13)
FN:179,(anonymous_14)
FN:199,(anonymous_15)
FN:206,(anonymous_16)
FN:213,(anonymous_17)
FN:245,(anonymous_18)
FN:251,(anonymous_19)
FN:264,(anonymous_20)
FN:275,(anonymous_21)
FNF:22
FNH:0
FNDA:0,(anonymous_0)
FNDA:0,(anonymous_1)
FNDA:0,(anonymous_2)
FNDA:0,(anonymous_3)
FNDA:0,(anonymous_4)
FNDA:0,(anonymous_5)
FNDA:0,(anonymous_6)
FNDA:0,(anonymous_7)
FNDA:0,(anonymous_8)
FNDA:0,(anonymous_9)
FNDA:0,(anonymous_10)
FNDA:0,(anonymous_11)
FNDA:0,(anonymous_12)
FNDA:0,(anonymous_13)
FNDA:0,(anonymous_14)
FNDA:0,(anonymous_15)
FNDA:0,(anonymous_16)
FNDA:0,(anonymous_17)
FNDA:0,(anonymous_18)
FNDA:0,(anonymous_19)
FNDA:0,(anonymous_20)
FNDA:0,(anonymous_21)
DA:16,0
DA:21,0
DA:22,0
DA:26,0
DA:31,0
DA:32,0
DA:39,0
DA:44,0
DA:45,0
DA:47,0
DA:53,0
DA:54,0
DA:60,0
DA:62,0
DA:63,0
DA:64,0
DA:70,0
DA:71,0
DA:73,0
DA:76,0
DA:78,0
DA:85,0
DA:91,0
DA:92,0
DA:95,0
DA:96,0
DA:99,0
DA:100,0
DA:103,0
DA:109,0
DA:110,0
DA:111,0
DA:117,0
DA:124,0
DA:126,0
DA:136,0
DA:143,0
DA:144,0
DA:145,0
DA:147,0
DA:149,0
DA:150,0
DA:153,0
DA:163,0
DA:172,0
DA:173,0
DA:179,0
DA:183,0
DA:185,0
DA:186,0
DA:187,0
DA:188,0
DA:189,0
DA:190,0
DA:192,0
DA:199,0
DA:200,0
DA:206,0
DA:207,0
DA:213,0
DA:220,0
DA:245,0
DA:247,0
DA:248,0
DA:251,0
DA:255,0
DA:256,0
DA:258,0
DA:259,0
DA:261,0
DA:264,0
DA:268,0
DA:269,0
DA:272,0
DA:275,0
DA:279,0
DA:280,0
DA:281,0
LF:78
LH:0
BRDA:18,0,0,0
BRDA:19,1,0,0
BRDA:21,2,0,0
BRDA:21,2,1,0
BRDA:31,3,0,0
BRDA:31,3,1,0
BRDA:42,4,0,0
BRDA:45,5,0,0
BRDA:45,5,1,0
BRDA:64,6,0,0
BRDA:64,6,1,0
BRDA:71,7,0,0
BRDA:71,7,1,0
BRDA:71,8,0,0
BRDA:71,8,1,0
BRDA:78,9,0,0
BRDA:78,9,1,0
BRDA:89,10,0,0
BRDA:91,11,0,0
BRDA:91,11,1,0
BRDA:95,12,0,0
BRDA:95,12,1,0
BRDA:95,13,0,0
BRDA:95,13,1,0
BRDA:99,14,0,0
BRDA:99,14,1,0
BRDA:99,15,0,0
BRDA:99,15,1,0
BRDA:110,16,0,0
BRDA:110,16,1,0
BRDA:119,17,0,0
BRDA:124,18,0,0
BRDA:124,19,0,0
BRDA:172,20,0,0
BRDA:172,20,1,0
BRDA:173,21,0,0
BRDA:173,21,1,0
BRDA:181,22,0,0
BRDA:185,23,0,0
BRDA:185,23,1,0
BRDA:187,24,0,0
BRDA:187,24,1,0
BRDA:189,25,0,0
BRDA:189,25,1,0
BRDA:214,26,0,0
BRDA:248,27,0,0
BRDA:248,27,1,0
BRDA:253,28,0,0
BRDA:255,29,0,0
BRDA:255,29,1,0
BRDA:258,30,0,0
BRDA:258,30,1,0
BRDA:268,31,0,0
BRDA:268,31,1,0
BRDA:269,32,0,0
BRDA:269,32,1,0
BRDA:280,33,0,0
BRDA:280,33,1,0
BRF:58
BRH:0
end_of_record
TN:
SF:src/utils/dateUtils.ts
FN:9,(anonymous_0)
FN:34,(anonymous_1)
FN:46,(anonymous_2)
FN:53,(anonymous_3)
FN:60,(anonymous_4)
FN:109,(anonymous_5)
FN:126,(anonymous_6)
FN:136,(anonymous_7)
FN:146,(anonymous_8)
FN:153,(anonymous_9)
FN:179,(anonymous_10)
FN:180,(anonymous_11)
FN:193,(anonymous_12)
FN:200,(anonymous_13)
FN:207,(anonymous_14)
FN:219,(anonymous_15)
FN:232,(anonymous_16)
FNF:17
FNH:0
FNDA:0,(anonymous_0)
FNDA:0,(anonymous_1)
FNDA:0,(anonymous_2)
FNDA:0,(anonymous_3)
FNDA:0,(anonymous_4)
FNDA:0,(anonymous_5)
FNDA:0,(anonymous_6)
FNDA:0,(anonymous_7)
FNDA:0,(anonymous_8)
FNDA:0,(anonymous_9)
FNDA:0,(anonymous_10)
FNDA:0,(anonymous_11)
FNDA:0,(anonymous_12)
FNDA:0,(anonymous_13)
FNDA:0,(anonymous_14)
FNDA:0,(anonymous_15)
FNDA:0,(anonymous_16)
DA:9,0
DA:10,0
DA:11,0
DA:12,0
DA:13,0
DA:15,0
DA:16,0
DA:17,0
DA:18,0
DA:19,0
DA:21,0
DA:23,0
DA:34,0
DA:35,0
DA:46,0
DA:47,0
DA:53,0
DA:54,0
DA:60,0
DA:64,0
DA:65,0
DA:67,0
DA:69,0
DA:75,0
DA:76,0
DA:77,0
DA:83,0
DA:84,0
DA:85,0
DA:91,0
DA:92,0
DA:93,0
DA:99,0
DA:109,0
DA:113,0
DA:114,0
DA:115,0
DA:117,0
DA:118,0
DA:120,0
DA:126,0
DA:130,0
DA:136,0
DA:140,0
DA:146,0
DA:147,0
DA:153,0
DA:154,0
DA:155,0
DA:156,0
DA:158,0
DA:159,0
DA:160,0
DA:161,0
DA:162,0
DA:163,0
DA:164,0
DA:165,0
DA:166,0
DA:167,0
DA:168,0
DA:169,0
DA:171,0
DA:172,0
DA:179,0
DA:180,0
DA:181,0
DA:182,0
DA:183,0
DA:185,0
DA:186,0
DA:193,0
DA:194,0
DA:200,0
DA:201,0
DA:207,0
DA:208,0
DA:209,0
DA:219,0
DA:220,0
DA:221,0
DA:222,0
DA:232,0
DA:238,0
LF:84
LH:0
BRDA:15,0,0,0
BRDA:15,0,1,0
BRDA:17,1,0,0
BRDA:17,1,1,0
BRDA:19,2,0,0
BRDA:19,2,1,0
BRDA:26,3,0,0
BRDA:26,3,1,0
BRDA:67,4,0,0
BRDA:67,4,1,0
BRDA:67,4,2,0
BRDA:67,4,3,0
BRDA:67,4,4,0
BRDA:147,5,0,0
BRDA:147,5,1,0
BRDA:158,6,0,0
BRDA:158,6,1,0
BRDA:160,7,0,0
BRDA:160,7,1,0
BRDA:162,8,0,0
BRDA:162,8,1,0
BRDA:164,9,0,0
BRDA:164,9,1,0
BRDA:166,10,0,0
BRDA:166,10,1,0
BRDA:167,11,0,0
BRDA:167,11,1,0
BRDA:169,12,0,0
BRDA:169,12,1,0
BRDA:172,13,0,0
BRDA:172,13,1,0
BRDA:182,14,0,0
BRDA:182,14,1,0
BRDA:210,15,0,0
BRDA:210,15,1,0
BRDA:210,15,2,0
BRDA:223,16,0,0
BRDA:223,16,1,0
BRDA:223,16,2,0
BRF:39
BRH:0
end_of_record
